\BOOKMARK [1][-]{section.0.1}{Ostatnie sprawunki}{}% 1
\BOOKMARK [1][-]{section.0.2}{Pierwsze godziny w trasie}{}% 2
\BOOKMARK [1][-]{section.0.3}{Grindav\355k}{}% 3
\BOOKMARK [0][-]{chapter.1}{23.07.}{}% 4
\BOOKMARK [0][-]{chapter.2}{24.07.}{}% 5
\BOOKMARK [0][-]{chapter.3}{25.07.}{}% 6
\BOOKMARK [0][-]{chapter.4}{26.07. - Wyspy Zachodnich Ludzi}{}% 7
\BOOKMARK [0][-]{chapter.5}{27.07.}{}% 8
\BOOKMARK [1][-]{section.5.1}{Wypad do \336orsm\366rk}{chapter.5}% 9
\BOOKMARK [1][-]{section.5.2}{Pustkowia po raz pierwszy}{chapter.5}% 10
\BOOKMARK [0][-]{chapter.6}{28.07.}{}% 11
\BOOKMARK [1][-]{section.6.1}{Obiad w Kirkjub\346farklaustur}{chapter.6}% 12
\BOOKMARK [1][-]{section.6.2}{Pustkowia po raz drugi}{chapter.6}% 13
\BOOKMARK [0][-]{chapter.7}{29.07.}{}% 14
\BOOKMARK [0][-]{chapter.8}{30.07.}{}% 15
\BOOKMARK [0][-]{chapter.9}{31.07.}{}% 16
\BOOKMARK [1][-]{section.9.1}{Na grani}{chapter.9}% 17
\BOOKMARK [1][-]{section.9.2}{xxx}{chapter.9}% 18
\BOOKMARK [0][-]{chapter.10}{01.08.}{}% 19
\BOOKMARK [0][-]{chapter.11}{02.08. - Dzien Turysty}{}% 20
\BOOKMARK [0][-]{chapter.12}{03.08. - Interior}{}% 21
\BOOKMARK [0][-]{chapter.13}{04.08. - Askja}{}% 22
\BOOKMARK [0][-]{chapter.14}{05.08.}{}% 23
\BOOKMARK [0][-]{chapter.15}{06.08.}{}% 24
\BOOKMARK [0][-]{chapter.16}{07.08.}{}% 25
\BOOKMARK [1][-]{section.16.1}{H\372sav\355k}{chapter.16}% 26
\BOOKMARK [0][-]{chapter.17}{08.08.}{}% 27
\BOOKMARK [0][-]{chapter.18}{09.08. - Wok\363\233 Myvatn}{}% 28
\BOOKMARK [0][-]{chapter.19}{10.08.}{}% 29
\BOOKMARK [0][-]{chapter.20}{11.08.}{}% 30
\BOOKMARK [0][-]{chapter.21}{12.08. - Hveravellir}{}% 31
\BOOKMARK [0][-]{chapter.22}{13.08.}{}% 32
\BOOKMARK [0][-]{chapter.23}{14.08.}{}% 33
\BOOKMARK [0][-]{chapter.24}{15.08.}{}% 34
\BOOKMARK [0][-]{chapter.25}{16.08.}{}% 35
\BOOKMARK [0][-]{chapter.26}{17.08.}{}% 36
\BOOKMARK [0][-]{chapter.27}{18.08.}{}% 37
