This is pdfTeX, Version 3.1415926-2.5-1.40.14 (TeX Live 2013/Debian) (format=pdflatex 2014.11.2)  21 DEC 2014 19:27
entering extended mode
 restricted \write18 enabled.
 %&-line parsing enabled.
**iceland-diary.tex
(./iceland-diary.tex
LaTeX2e <2011/06/27>
Babel <3.9h> and hyphenation patterns for 3 languages loaded.
(/usr/share/texlive/texmf-dist/tex/latex/base/book.cls
Document Class: book 2007/10/19 v1.4h Standard LaTeX document class
(/usr/share/texlive/texmf-dist/tex/latex/base/leqno.clo
File: leqno.clo 1998/08/17 v1.1c Standard LaTeX option (left equation numbers)
)
(/usr/share/texlive/texmf-dist/tex/latex/base/bk12.clo
File: bk12.clo 2007/10/19 v1.4h Standard LaTeX file (size option)
)
\c@part=\count79
\c@chapter=\count80
\c@section=\count81
\c@subsection=\count82
\c@subsubsection=\count83
\c@paragraph=\count84
\c@subparagraph=\count85
\c@figure=\count86
\c@table=\count87
\abovecaptionskip=\skip41
\belowcaptionskip=\skip42
\bibindent=\dimen102
)
(/usr/share/texlive/texmf-dist/tex/latex/polski/polski.sty
Package: polski 2008/02/24 v1.3.3 Polish language package

Document language package `polski' v1.3.3 <2008/02/24>
   Switching to Polish text encoding and Polish maths fonts.
(/usr/share/texlive/texmf-dist/tex/latex/base/ot4enc.def
File: ot4enc.def 2005/09/27 v1.99g Standard LaTeX file
)
LaTeX Font Info:    Try loading font information for OT4+cmr on input line 346.


(/usr/share/texlive/texmf-dist/tex/latex/polski/ot4cmr.fd
File: ot4cmr.fd 2008/02/24 v1.2.1 Font defs for fonts PL (MW)
)
LaTeX Font Info:    Overwriting math alphabet `\mathbf' in version `normal'
(Font)                  OT1/cmr/bx/n --> OT4/cmr/bx/n on input line 346.
LaTeX Font Info:    Overwriting math alphabet `\mathsf' in version `normal'
(Font)                  OT1/cmss/m/n --> OT4/cmss/m/n on input line 346.
LaTeX Font Info:    Overwriting math alphabet `\mathit' in version `normal'
(Font)                  OT1/cmr/m/it --> OT4/cmr/m/it on input line 346.
LaTeX Font Info:    Overwriting math alphabet `\mathtt' in version `normal'
(Font)                  OT1/cmtt/m/n --> OT4/cmtt/m/n on input line 346.
LaTeX Font Info:    Overwriting math alphabet `\mathsf' in version `bold'
(Font)                  OT1/cmss/bx/n --> OT4/cmss/bx/n on input line 346.
LaTeX Font Info:    Overwriting math alphabet `\mathit' in version `bold'
(Font)                  OT1/cmr/bx/it --> OT4/cmr/bx/it on input line 346.
LaTeX Font Info:    Encoding `OT1' has changed to `OT4' for symbol font
(Font)              `operators' in the math version `normal' on input line 346.

LaTeX Font Info:    Overwriting symbol font `operators' in version `normal'
(Font)                  OT1/cmr/m/n --> OT4/cmr/m/n on input line 346.
LaTeX Font Info:    Overwriting symbol font `letters' in version `normal'
(Font)                  OML/cmm/m/it --> OML/plm/m/it on input line 346.
LaTeX Font Info:    Overwriting symbol font `symbols' in version `normal'
(Font)                  OMS/cmsy/m/n --> OMS/plsy/m/n on input line 346.
LaTeX Font Info:    Overwriting symbol font `largesymbols' in version `normal'
(Font)                  OMX/cmex/m/n --> OMX/plex/m/n on input line 346.
LaTeX Font Info:    Encoding `OT1' has changed to `OT4' for symbol font
(Font)              `operators' in the math version `bold' on input line 346.
LaTeX Font Info:    Overwriting symbol font `operators' in version `bold'
(Font)                  OT1/cmr/bx/n --> OT4/cmr/bx/n on input line 346.
LaTeX Font Info:    Overwriting symbol font `letters' in version `bold'
(Font)                  OML/cmm/b/it --> OML/plm/b/it on input line 346.
LaTeX Font Info:    Overwriting symbol font `symbols' in version `bold'
(Font)                  OMS/cmsy/b/n --> OMS/plsy/b/n on input line 346.
)
(/usr/share/texlive/texmf-dist/tex/latex/base/inputenc.sty
Package: inputenc 2008/03/30 v1.1d Input encoding file
\inpenc@prehook=\toks14
\inpenc@posthook=\toks15

(/usr/share/texlive/texmf-dist/tex/latex/base/utf8.def
File: utf8.def 2008/04/05 v1.1m UTF-8 support for inputenc
Now handling font encoding OML ...
... no UTF-8 mapping file for font encoding OML
Now handling font encoding T1 ...
... processing UTF-8 mapping file for font encoding T1

(/usr/share/texlive/texmf-dist/tex/latex/base/t1enc.dfu
File: t1enc.dfu 2008/04/05 v1.1m UTF-8 support for inputenc
   defining Unicode char U+00A1 (decimal 161)
   defining Unicode char U+00A3 (decimal 163)
   defining Unicode char U+00AB (decimal 171)
   defining Unicode char U+00BB (decimal 187)
   defining Unicode char U+00BF (decimal 191)
   defining Unicode char U+00C0 (decimal 192)
   defining Unicode char U+00C1 (decimal 193)
   defining Unicode char U+00C2 (decimal 194)
   defining Unicode char U+00C3 (decimal 195)
   defining Unicode char U+00C4 (decimal 196)
   defining Unicode char U+00C5 (decimal 197)
   defining Unicode char U+00C6 (decimal 198)
   defining Unicode char U+00C7 (decimal 199)
   defining Unicode char U+00C8 (decimal 200)
   defining Unicode char U+00C9 (decimal 201)
   defining Unicode char U+00CA (decimal 202)
   defining Unicode char U+00CB (decimal 203)
   defining Unicode char U+00CC (decimal 204)
   defining Unicode char U+00CD (decimal 205)
   defining Unicode char U+00CE (decimal 206)
   defining Unicode char U+00CF (decimal 207)
   defining Unicode char U+00D0 (decimal 208)
   defining Unicode char U+00D1 (decimal 209)
   defining Unicode char U+00D2 (decimal 210)
   defining Unicode char U+00D3 (decimal 211)
   defining Unicode char U+00D4 (decimal 212)
   defining Unicode char U+00D5 (decimal 213)
   defining Unicode char U+00D6 (decimal 214)
   defining Unicode char U+00D8 (decimal 216)
   defining Unicode char U+00D9 (decimal 217)
   defining Unicode char U+00DA (decimal 218)
   defining Unicode char U+00DB (decimal 219)
   defining Unicode char U+00DC (decimal 220)
   defining Unicode char U+00DD (decimal 221)
   defining Unicode char U+00DE (decimal 222)
   defining Unicode char U+00DF (decimal 223)
   defining Unicode char U+00E0 (decimal 224)
   defining Unicode char U+00E1 (decimal 225)
   defining Unicode char U+00E2 (decimal 226)
   defining Unicode char U+00E3 (decimal 227)
   defining Unicode char U+00E4 (decimal 228)
   defining Unicode char U+00E5 (decimal 229)
   defining Unicode char U+00E6 (decimal 230)
   defining Unicode char U+00E7 (decimal 231)
   defining Unicode char U+00E8 (decimal 232)
   defining Unicode char U+00E9 (decimal 233)
   defining Unicode char U+00EA (decimal 234)
   defining Unicode char U+00EB (decimal 235)
   defining Unicode char U+00EC (decimal 236)
   defining Unicode char U+00ED (decimal 237)
   defining Unicode char U+00EE (decimal 238)
   defining Unicode char U+00EF (decimal 239)
   defining Unicode char U+00F0 (decimal 240)
   defining Unicode char U+00F1 (decimal 241)
   defining Unicode char U+00F2 (decimal 242)
   defining Unicode char U+00F3 (decimal 243)
   defining Unicode char U+00F4 (decimal 244)
   defining Unicode char U+00F5 (decimal 245)
   defining Unicode char U+00F6 (decimal 246)
   defining Unicode char U+00F8 (decimal 248)
   defining Unicode char U+00F9 (decimal 249)
   defining Unicode char U+00FA (decimal 250)
   defining Unicode char U+00FB (decimal 251)
   defining Unicode char U+00FC (decimal 252)
   defining Unicode char U+00FD (decimal 253)
   defining Unicode char U+00FE (decimal 254)
   defining Unicode char U+00FF (decimal 255)
   defining Unicode char U+0102 (decimal 258)
   defining Unicode char U+0103 (decimal 259)
   defining Unicode char U+0104 (decimal 260)
   defining Unicode char U+0105 (decimal 261)
   defining Unicode char U+0106 (decimal 262)
   defining Unicode char U+0107 (decimal 263)
   defining Unicode char U+010C (decimal 268)
   defining Unicode char U+010D (decimal 269)
   defining Unicode char U+010E (decimal 270)
   defining Unicode char U+010F (decimal 271)
   defining Unicode char U+0110 (decimal 272)
   defining Unicode char U+0111 (decimal 273)
   defining Unicode char U+0118 (decimal 280)
   defining Unicode char U+0119 (decimal 281)
   defining Unicode char U+011A (decimal 282)
   defining Unicode char U+011B (decimal 283)
   defining Unicode char U+011E (decimal 286)
   defining Unicode char U+011F (decimal 287)
   defining Unicode char U+0130 (decimal 304)
   defining Unicode char U+0131 (decimal 305)
   defining Unicode char U+0132 (decimal 306)
   defining Unicode char U+0133 (decimal 307)
   defining Unicode char U+0139 (decimal 313)
   defining Unicode char U+013A (decimal 314)
   defining Unicode char U+013D (decimal 317)
   defining Unicode char U+013E (decimal 318)
   defining Unicode char U+0141 (decimal 321)
   defining Unicode char U+0142 (decimal 322)
   defining Unicode char U+0143 (decimal 323)
   defining Unicode char U+0144 (decimal 324)
   defining Unicode char U+0147 (decimal 327)
   defining Unicode char U+0148 (decimal 328)
   defining Unicode char U+014A (decimal 330)
   defining Unicode char U+014B (decimal 331)
   defining Unicode char U+0150 (decimal 336)
   defining Unicode char U+0151 (decimal 337)
   defining Unicode char U+0152 (decimal 338)
   defining Unicode char U+0153 (decimal 339)
   defining Unicode char U+0154 (decimal 340)
   defining Unicode char U+0155 (decimal 341)
   defining Unicode char U+0158 (decimal 344)
   defining Unicode char U+0159 (decimal 345)
   defining Unicode char U+015A (decimal 346)
   defining Unicode char U+015B (decimal 347)
   defining Unicode char U+015E (decimal 350)
   defining Unicode char U+015F (decimal 351)
   defining Unicode char U+0160 (decimal 352)
   defining Unicode char U+0161 (decimal 353)
   defining Unicode char U+0162 (decimal 354)
   defining Unicode char U+0163 (decimal 355)
   defining Unicode char U+0164 (decimal 356)
   defining Unicode char U+0165 (decimal 357)
   defining Unicode char U+016E (decimal 366)
   defining Unicode char U+016F (decimal 367)
   defining Unicode char U+0170 (decimal 368)
   defining Unicode char U+0171 (decimal 369)
   defining Unicode char U+0178 (decimal 376)
   defining Unicode char U+0179 (decimal 377)
   defining Unicode char U+017A (decimal 378)
   defining Unicode char U+017B (decimal 379)
   defining Unicode char U+017C (decimal 380)
   defining Unicode char U+017D (decimal 381)
   defining Unicode char U+017E (decimal 382)
   defining Unicode char U+200C (decimal 8204)
   defining Unicode char U+2013 (decimal 8211)
   defining Unicode char U+2014 (decimal 8212)
   defining Unicode char U+2018 (decimal 8216)
   defining Unicode char U+2019 (decimal 8217)
   defining Unicode char U+201A (decimal 8218)
   defining Unicode char U+201C (decimal 8220)
   defining Unicode char U+201D (decimal 8221)
   defining Unicode char U+201E (decimal 8222)
   defining Unicode char U+2030 (decimal 8240)
   defining Unicode char U+2031 (decimal 8241)
   defining Unicode char U+2039 (decimal 8249)
   defining Unicode char U+203A (decimal 8250)
   defining Unicode char U+2423 (decimal 9251)
)
Now handling font encoding OT1 ...
... processing UTF-8 mapping file for font encoding OT1

(/usr/share/texlive/texmf-dist/tex/latex/base/ot1enc.dfu
File: ot1enc.dfu 2008/04/05 v1.1m UTF-8 support for inputenc
   defining Unicode char U+00A1 (decimal 161)
   defining Unicode char U+00A3 (decimal 163)
   defining Unicode char U+00B8 (decimal 184)
   defining Unicode char U+00BF (decimal 191)
   defining Unicode char U+00C5 (decimal 197)
   defining Unicode char U+00C6 (decimal 198)
   defining Unicode char U+00D8 (decimal 216)
   defining Unicode char U+00DF (decimal 223)
   defining Unicode char U+00E6 (decimal 230)
   defining Unicode char U+00EC (decimal 236)
   defining Unicode char U+00ED (decimal 237)
   defining Unicode char U+00EE (decimal 238)
   defining Unicode char U+00EF (decimal 239)
   defining Unicode char U+00F8 (decimal 248)
   defining Unicode char U+0131 (decimal 305)
   defining Unicode char U+0141 (decimal 321)
   defining Unicode char U+0142 (decimal 322)
   defining Unicode char U+0152 (decimal 338)
   defining Unicode char U+0153 (decimal 339)
   defining Unicode char U+2013 (decimal 8211)
   defining Unicode char U+2014 (decimal 8212)
   defining Unicode char U+2018 (decimal 8216)
   defining Unicode char U+2019 (decimal 8217)
   defining Unicode char U+201C (decimal 8220)
   defining Unicode char U+201D (decimal 8221)
)
Now handling font encoding OMS ...
... processing UTF-8 mapping file for font encoding OMS

(/usr/share/texlive/texmf-dist/tex/latex/base/omsenc.dfu
File: omsenc.dfu 2008/04/05 v1.1m UTF-8 support for inputenc
   defining Unicode char U+00A7 (decimal 167)
   defining Unicode char U+00B6 (decimal 182)
   defining Unicode char U+00B7 (decimal 183)
   defining Unicode char U+2020 (decimal 8224)
   defining Unicode char U+2021 (decimal 8225)
   defining Unicode char U+2022 (decimal 8226)
)
Now handling font encoding OMX ...
... no UTF-8 mapping file for font encoding OMX
Now handling font encoding U ...
... no UTF-8 mapping file for font encoding U
Now handling font encoding OT4 ...
... no UTF-8 mapping file for font encoding OT4
   defining Unicode char U+00A9 (decimal 169)
   defining Unicode char U+00AA (decimal 170)
   defining Unicode char U+00AE (decimal 174)
   defining Unicode char U+00BA (decimal 186)
   defining Unicode char U+02C6 (decimal 710)
   defining Unicode char U+02DC (decimal 732)
   defining Unicode char U+200C (decimal 8204)
   defining Unicode char U+2026 (decimal 8230)
   defining Unicode char U+2122 (decimal 8482)
   defining Unicode char U+2423 (decimal 9251)
))
(/usr/share/texlive/texmf-dist/tex/latex/base/fontenc.sty
Package: fontenc 2005/09/27 v1.99g Standard LaTeX package

(/usr/share/texlive/texmf-dist/tex/latex/base/t1enc.def
File: t1enc.def 2005/09/27 v1.99g Standard LaTeX file
LaTeX Font Info:    Redeclaring font encoding T1 on input line 43.
))
(/usr/share/texlive/texmf-dist/tex/generic/babel/babel.sty
Package: babel 2013/12/03 3.9h The Babel package

(/usr/share/texlive/texmf-dist/tex/generic/babel-polish/polish.ldf
Language: polish 2005/03/31 v1.2l Polish support from the babel system

(/usr/share/texlive/texmf-dist/tex/generic/babel/babel.def
File: babel.def 2013/12/03 3.9h Babel common definitions
\babel@savecnt=\count88
\U@D=\dimen103
)
Package babel Info: Making " an active character on input line 83.
\pl@left=\dimen104
\pl@down=\dimen105
\pl@right=\dimen106
\pl@temp=\dimen107
))
(/usr/share/texlive/texmf-dist/tex/latex/amsfonts/amsfonts.sty
Package: amsfonts 2013/01/14 v3.01 Basic AMSFonts support
\@emptytoks=\toks16
\symAMSa=\mathgroup4
\symAMSb=\mathgroup5
LaTeX Font Info:    Overwriting math alphabet `\mathfrak' in version `bold'
(Font)                  U/euf/m/n --> U/euf/b/n on input line 106.
)
(/usr/share/texlive/texmf-dist/tex/latex/graphics/graphicx.sty
Package: graphicx 1999/02/16 v1.0f Enhanced LaTeX Graphics (DPC,SPQR)

(/usr/share/texlive/texmf-dist/tex/latex/graphics/keyval.sty
Package: keyval 1999/03/16 v1.13 key=value parser (DPC)
\KV@toks@=\toks17
)
(/usr/share/texlive/texmf-dist/tex/latex/graphics/graphics.sty
Package: graphics 2009/02/05 v1.0o Standard LaTeX Graphics (DPC,SPQR)

(/usr/share/texlive/texmf-dist/tex/latex/graphics/trig.sty
Package: trig 1999/03/16 v1.09 sin cos tan (DPC)
)
(/usr/share/texlive/texmf-dist/tex/latex/latexconfig/graphics.cfg
File: graphics.cfg 2010/04/23 v1.9 graphics configuration of TeX Live
)
Package graphics Info: Driver file: pdftex.def on input line 91.

(/usr/share/texlive/texmf-dist/tex/latex/pdftex-def/pdftex.def
File: pdftex.def 2011/05/27 v0.06d Graphics/color for pdfTeX

(/usr/share/texlive/texmf-dist/tex/generic/oberdiek/infwarerr.sty
Package: infwarerr 2010/04/08 v1.3 Providing info/warning/error messages (HO)
)
(/usr/share/texlive/texmf-dist/tex/generic/oberdiek/ltxcmds.sty
Package: ltxcmds 2011/11/09 v1.22 LaTeX kernel commands for general use (HO)
)
\Gread@gobject=\count89
))
\Gin@req@height=\dimen108
\Gin@req@width=\dimen109
)
(/usr/share/texlive/texmf-dist/tex/latex/caption/caption.sty
Package: caption 2013/05/02 v3.3-89 Customizing captions (AR)

(/usr/share/texlive/texmf-dist/tex/latex/caption/caption3.sty
Package: caption3 2013/05/02 v1.6-88 caption3 kernel (AR)
Package caption3 Info: TeX engine: e-TeX on input line 57.
\captionmargin=\dimen110
\captionmargin@=\dimen111
\captionwidth=\dimen112
\caption@tempdima=\dimen113
\caption@indent=\dimen114
\caption@parindent=\dimen115
\caption@hangindent=\dimen116
)
\c@ContinuedFloat=\count90
)
(/usr/share/texlive/texmf-dist/tex/latex/caption/subcaption.sty
Package: subcaption 2013/02/03 v1.1-62 Sub-captions (AR)
\c@subfigure=\count91
\c@subtable=\count92
)
(/usr/share/texlive/texmf-dist/tex/latex/hyperref/hyperref.sty
Package: hyperref 2012/11/06 v6.83m Hypertext links for LaTeX

(/usr/share/texlive/texmf-dist/tex/generic/oberdiek/hobsub-hyperref.sty
Package: hobsub-hyperref 2012/05/28 v1.13 Bundle oberdiek, subset hyperref (HO)


(/usr/share/texlive/texmf-dist/tex/generic/oberdiek/hobsub-generic.sty
Package: hobsub-generic 2012/05/28 v1.13 Bundle oberdiek, subset generic (HO)
Package: hobsub 2012/05/28 v1.13 Construct package bundles (HO)
Package hobsub Info: Skipping package `infwarerr' (already loaded).
Package hobsub Info: Skipping package `ltxcmds' (already loaded).
Package: ifluatex 2010/03/01 v1.3 Provides the ifluatex switch (HO)
Package ifluatex Info: LuaTeX not detected.
Package: ifvtex 2010/03/01 v1.5 Detect VTeX and its facilities (HO)
Package ifvtex Info: VTeX not detected.
Package: intcalc 2007/09/27 v1.1 Expandable calculations with integers (HO)
Package: ifpdf 2011/01/30 v2.3 Provides the ifpdf switch (HO)
Package ifpdf Info: pdfTeX in PDF mode is detected.
Package: etexcmds 2011/02/16 v1.5 Avoid name clashes with e-TeX commands (HO)
Package etexcmds Info: Could not find \expanded.
(etexcmds)             That can mean that you are not using pdfTeX 1.50 or
(etexcmds)             that some package has redefined \expanded.
(etexcmds)             In the latter case, load this package earlier.
Package: kvsetkeys 2012/04/25 v1.16 Key value parser (HO)
Package: kvdefinekeys 2011/04/07 v1.3 Define keys (HO)
Package: pdftexcmds 2011/11/29 v0.20 Utility functions of pdfTeX for LuaTeX (HO
)
Package pdftexcmds Info: LuaTeX not detected.
Package pdftexcmds Info: \pdf@primitive is available.
Package pdftexcmds Info: \pdf@ifprimitive is available.
Package pdftexcmds Info: \pdfdraftmode found.
Package: pdfescape 2011/11/25 v1.13 Implements pdfTeX's escape features (HO)
Package: bigintcalc 2012/04/08 v1.3 Expandable calculations on big integers (HO
)
Package: bitset 2011/01/30 v1.1 Handle bit-vector datatype (HO)
Package: uniquecounter 2011/01/30 v1.2 Provide unlimited unique counter (HO)
)
Package hobsub Info: Skipping package `hobsub' (already loaded).
Package: letltxmacro 2010/09/02 v1.4 Let assignment for LaTeX macros (HO)
Package: hopatch 2012/05/28 v1.2 Wrapper for package hooks (HO)
Package: xcolor-patch 2011/01/30 xcolor patch
Package: atveryend 2011/06/30 v1.8 Hooks at the very end of document (HO)
Package atveryend Info: \enddocument detected (standard20110627).
Package: atbegshi 2011/10/05 v1.16 At begin shipout hook (HO)
Package: refcount 2011/10/16 v3.4 Data extraction from label references (HO)
Package: hycolor 2011/01/30 v1.7 Color options for hyperref/bookmark (HO)
)
(/usr/share/texlive/texmf-dist/tex/generic/ifxetex/ifxetex.sty
Package: ifxetex 2010/09/12 v0.6 Provides ifxetex conditional
)
(/usr/share/texlive/texmf-dist/tex/latex/oberdiek/auxhook.sty
Package: auxhook 2011/03/04 v1.3 Hooks for auxiliary files (HO)
)
(/usr/share/texlive/texmf-dist/tex/latex/oberdiek/kvoptions.sty
Package: kvoptions 2011/06/30 v3.11 Key value format for package options (HO)
)
\@linkdim=\dimen117
\Hy@linkcounter=\count93
\Hy@pagecounter=\count94

(/usr/share/texlive/texmf-dist/tex/latex/hyperref/pd1enc.def
File: pd1enc.def 2012/11/06 v6.83m Hyperref: PDFDocEncoding definition (HO)
Now handling font encoding PD1 ...
... no UTF-8 mapping file for font encoding PD1
)
\Hy@SavedSpaceFactor=\count95

(/usr/share/texlive/texmf-dist/tex/latex/latexconfig/hyperref.cfg
File: hyperref.cfg 2002/06/06 v1.2 hyperref configuration of TeXLive
)
Package hyperref Info: Hyper figures OFF on input line 4443.
Package hyperref Info: Link nesting OFF on input line 4448.
Package hyperref Info: Hyper index ON on input line 4451.
Package hyperref Info: Plain pages OFF on input line 4458.
Package hyperref Info: Backreferencing OFF on input line 4463.
Package hyperref Info: Implicit mode ON; LaTeX internals redefined.
Package hyperref Info: Bookmarks ON on input line 4688.
\c@Hy@tempcnt=\count96

(/usr/share/texlive/texmf-dist/tex/latex/url/url.sty
\Urlmuskip=\muskip10
Package: url 2013/09/16  ver 3.4  Verb mode for urls, etc.
)
LaTeX Info: Redefining \url on input line 5041.
\XeTeXLinkMargin=\dimen118
\Fld@menulength=\count97
\Field@Width=\dimen119
\Fld@charsize=\dimen120
Package hyperref Info: Hyper figures OFF on input line 6295.
Package hyperref Info: Link nesting OFF on input line 6300.
Package hyperref Info: Hyper index ON on input line 6303.
Package hyperref Info: backreferencing OFF on input line 6310.
Package hyperref Info: Link coloring OFF on input line 6315.
Package hyperref Info: Link coloring with OCG OFF on input line 6320.
Package hyperref Info: PDF/A mode OFF on input line 6325.
LaTeX Info: Redefining \ref on input line 6365.
LaTeX Info: Redefining \pageref on input line 6369.
\Hy@abspage=\count98
\c@Item=\count99
\c@Hfootnote=\count100
)

Package hyperref Message: Driver (autodetected): hpdftex.

(/usr/share/texlive/texmf-dist/tex/latex/hyperref/hpdftex.def
File: hpdftex.def 2012/11/06 v6.83m Hyperref driver for pdfTeX
\Fld@listcount=\count101
\c@bookmark@seq@number=\count102

(/usr/share/texlive/texmf-dist/tex/latex/oberdiek/rerunfilecheck.sty
Package: rerunfilecheck 2011/04/15 v1.7 Rerun checks for auxiliary files (HO)
Package uniquecounter Info: New unique counter `rerunfilecheck' on input line 2
82.
)
\Hy@SectionHShift=\skip43
)
(/usr/share/texlive/texmf-dist/tex/latex/tools/indentfirst.sty
Package: indentfirst 1995/11/23 v1.03 Indent first paragraph (DPC)
)
(/usr/share/texlive/texmf-dist/tex/latex/base/textcomp.sty
Package: textcomp 2005/09/27 v1.99g Standard LaTeX package
Package textcomp Info: Sub-encoding information:
(textcomp)               5 = only ISO-Adobe without \textcurrency
(textcomp)               4 = 5 + \texteuro
(textcomp)               3 = 4 + \textohm
(textcomp)               2 = 3 + \textestimated + \textcurrency
(textcomp)               1 = TS1 - \textcircled - \t
(textcomp)               0 = TS1 (full)
(textcomp)             Font families with sub-encoding setting implement
(textcomp)             only a restricted character set as indicated.
(textcomp)             Family '?' is the default used for unknown fonts.
(textcomp)             See the documentation for details.
Package textcomp Info: Setting ? sub-encoding to TS1/1 on input line 71.

(/usr/share/texlive/texmf-dist/tex/latex/base/ts1enc.def
File: ts1enc.def 2001/06/05 v3.0e (jk/car/fm) Standard LaTeX file
Now handling font encoding TS1 ...
... processing UTF-8 mapping file for font encoding TS1

(/usr/share/texlive/texmf-dist/tex/latex/base/ts1enc.dfu
File: ts1enc.dfu 2008/04/05 v1.1m UTF-8 support for inputenc
   defining Unicode char U+00A2 (decimal 162)
   defining Unicode char U+00A3 (decimal 163)
   defining Unicode char U+00A4 (decimal 164)
   defining Unicode char U+00A5 (decimal 165)
   defining Unicode char U+00A6 (decimal 166)
   defining Unicode char U+00A7 (decimal 167)
   defining Unicode char U+00A8 (decimal 168)
   defining Unicode char U+00A9 (decimal 169)
   defining Unicode char U+00AA (decimal 170)
   defining Unicode char U+00AC (decimal 172)
   defining Unicode char U+00AE (decimal 174)
   defining Unicode char U+00AF (decimal 175)
   defining Unicode char U+00B0 (decimal 176)
   defining Unicode char U+00B1 (decimal 177)
   defining Unicode char U+00B2 (decimal 178)
   defining Unicode char U+00B3 (decimal 179)
   defining Unicode char U+00B4 (decimal 180)
   defining Unicode char U+00B5 (decimal 181)
   defining Unicode char U+00B6 (decimal 182)
   defining Unicode char U+00B7 (decimal 183)
   defining Unicode char U+00B9 (decimal 185)
   defining Unicode char U+00BA (decimal 186)
   defining Unicode char U+00BC (decimal 188)
   defining Unicode char U+00BD (decimal 189)
   defining Unicode char U+00BE (decimal 190)
   defining Unicode char U+00D7 (decimal 215)
   defining Unicode char U+00F7 (decimal 247)
   defining Unicode char U+0192 (decimal 402)
   defining Unicode char U+02C7 (decimal 711)
   defining Unicode char U+02D8 (decimal 728)
   defining Unicode char U+02DD (decimal 733)
   defining Unicode char U+0E3F (decimal 3647)
   defining Unicode char U+2016 (decimal 8214)
   defining Unicode char U+2020 (decimal 8224)
   defining Unicode char U+2021 (decimal 8225)
   defining Unicode char U+2022 (decimal 8226)
   defining Unicode char U+2030 (decimal 8240)
   defining Unicode char U+2031 (decimal 8241)
   defining Unicode char U+203B (decimal 8251)
   defining Unicode char U+203D (decimal 8253)
   defining Unicode char U+2044 (decimal 8260)
   defining Unicode char U+204E (decimal 8270)
   defining Unicode char U+2052 (decimal 8274)
   defining Unicode char U+20A1 (decimal 8353)
   defining Unicode char U+20A4 (decimal 8356)
   defining Unicode char U+20A6 (decimal 8358)
   defining Unicode char U+20A9 (decimal 8361)
   defining Unicode char U+20AB (decimal 8363)
   defining Unicode char U+20AC (decimal 8364)
   defining Unicode char U+20B1 (decimal 8369)
   defining Unicode char U+2103 (decimal 8451)
   defining Unicode char U+2116 (decimal 8470)
   defining Unicode char U+2117 (decimal 8471)
   defining Unicode char U+211E (decimal 8478)
   defining Unicode char U+2120 (decimal 8480)
   defining Unicode char U+2122 (decimal 8482)
   defining Unicode char U+2126 (decimal 8486)
   defining Unicode char U+2127 (decimal 8487)
   defining Unicode char U+212E (decimal 8494)
   defining Unicode char U+2190 (decimal 8592)
   defining Unicode char U+2191 (decimal 8593)
   defining Unicode char U+2192 (decimal 8594)
   defining Unicode char U+2193 (decimal 8595)
   defining Unicode char U+2329 (decimal 9001)
   defining Unicode char U+232A (decimal 9002)
   defining Unicode char U+2422 (decimal 9250)
   defining Unicode char U+25E6 (decimal 9702)
   defining Unicode char U+25EF (decimal 9711)
   defining Unicode char U+266A (decimal 9834)
))
LaTeX Info: Redefining \oldstylenums on input line 266.
Package textcomp Info: Setting cmr sub-encoding to TS1/0 on input line 281.
Package textcomp Info: Setting cmss sub-encoding to TS1/0 on input line 282.
Package textcomp Info: Setting cmtt sub-encoding to TS1/0 on input line 283.
Package textcomp Info: Setting cmvtt sub-encoding to TS1/0 on input line 284.
Package textcomp Info: Setting cmbr sub-encoding to TS1/0 on input line 285.
Package textcomp Info: Setting cmtl sub-encoding to TS1/0 on input line 286.
Package textcomp Info: Setting ccr sub-encoding to TS1/0 on input line 287.
Package textcomp Info: Setting ptm sub-encoding to TS1/4 on input line 288.
Package textcomp Info: Setting pcr sub-encoding to TS1/4 on input line 289.
Package textcomp Info: Setting phv sub-encoding to TS1/4 on input line 290.
Package textcomp Info: Setting ppl sub-encoding to TS1/3 on input line 291.
Package textcomp Info: Setting pag sub-encoding to TS1/4 on input line 292.
Package textcomp Info: Setting pbk sub-encoding to TS1/4 on input line 293.
Package textcomp Info: Setting pnc sub-encoding to TS1/4 on input line 294.
Package textcomp Info: Setting pzc sub-encoding to TS1/4 on input line 295.
Package textcomp Info: Setting bch sub-encoding to TS1/4 on input line 296.
Package textcomp Info: Setting put sub-encoding to TS1/5 on input line 297.
Package textcomp Info: Setting uag sub-encoding to TS1/5 on input line 298.
Package textcomp Info: Setting ugq sub-encoding to TS1/5 on input line 299.
Package textcomp Info: Setting ul8 sub-encoding to TS1/4 on input line 300.
Package textcomp Info: Setting ul9 sub-encoding to TS1/4 on input line 301.
Package textcomp Info: Setting augie sub-encoding to TS1/5 on input line 302.
Package textcomp Info: Setting dayrom sub-encoding to TS1/3 on input line 303.
Package textcomp Info: Setting dayroms sub-encoding to TS1/3 on input line 304.

Package textcomp Info: Setting pxr sub-encoding to TS1/0 on input line 305.
Package textcomp Info: Setting pxss sub-encoding to TS1/0 on input line 306.
Package textcomp Info: Setting pxtt sub-encoding to TS1/0 on input line 307.
Package textcomp Info: Setting txr sub-encoding to TS1/0 on input line 308.
Package textcomp Info: Setting txss sub-encoding to TS1/0 on input line 309.
Package textcomp Info: Setting txtt sub-encoding to TS1/0 on input line 310.
Package textcomp Info: Setting lmr sub-encoding to TS1/0 on input line 311.
Package textcomp Info: Setting lmdh sub-encoding to TS1/0 on input line 312.
Package textcomp Info: Setting lmss sub-encoding to TS1/0 on input line 313.
Package textcomp Info: Setting lmssq sub-encoding to TS1/0 on input line 314.
Package textcomp Info: Setting lmvtt sub-encoding to TS1/0 on input line 315.
Package textcomp Info: Setting qhv sub-encoding to TS1/0 on input line 316.
Package textcomp Info: Setting qag sub-encoding to TS1/0 on input line 317.
Package textcomp Info: Setting qbk sub-encoding to TS1/0 on input line 318.
Package textcomp Info: Setting qcr sub-encoding to TS1/0 on input line 319.
Package textcomp Info: Setting qcs sub-encoding to TS1/0 on input line 320.
Package textcomp Info: Setting qpl sub-encoding to TS1/0 on input line 321.
Package textcomp Info: Setting qtm sub-encoding to TS1/0 on input line 322.
Package textcomp Info: Setting qzc sub-encoding to TS1/0 on input line 323.
Package textcomp Info: Setting qhvc sub-encoding to TS1/0 on input line 324.
Package textcomp Info: Setting futs sub-encoding to TS1/4 on input line 325.
Package textcomp Info: Setting futx sub-encoding to TS1/4 on input line 326.
Package textcomp Info: Setting futj sub-encoding to TS1/4 on input line 327.
Package textcomp Info: Setting hlh sub-encoding to TS1/3 on input line 328.
Package textcomp Info: Setting hls sub-encoding to TS1/3 on input line 329.
Package textcomp Info: Setting hlst sub-encoding to TS1/3 on input line 330.
Package textcomp Info: Setting hlct sub-encoding to TS1/5 on input line 331.
Package textcomp Info: Setting hlx sub-encoding to TS1/5 on input line 332.
Package textcomp Info: Setting hlce sub-encoding to TS1/5 on input line 333.
Package textcomp Info: Setting hlcn sub-encoding to TS1/5 on input line 334.
Package textcomp Info: Setting hlcw sub-encoding to TS1/5 on input line 335.
Package textcomp Info: Setting hlcf sub-encoding to TS1/5 on input line 336.
Package textcomp Info: Setting pplx sub-encoding to TS1/3 on input line 337.
Package textcomp Info: Setting pplj sub-encoding to TS1/3 on input line 338.
Package textcomp Info: Setting ptmx sub-encoding to TS1/4 on input line 339.
Package textcomp Info: Setting ptmj sub-encoding to TS1/4 on input line 340.
)
   defining Unicode char U+B0 (decimal 176)

(./iceland-diary.aux)
\openout1 = `iceland-diary.aux'.

LaTeX Font Info:    Checking defaults for OML/cmm/m/it on input line 60.
LaTeX Font Info:    ... okay on input line 60.
LaTeX Font Info:    Checking defaults for T1/cmr/m/n on input line 60.
LaTeX Font Info:    ... okay on input line 60.
LaTeX Font Info:    Checking defaults for OT1/cmr/m/n on input line 60.
LaTeX Font Info:    ... okay on input line 60.
LaTeX Font Info:    Checking defaults for OMS/cmsy/m/n on input line 60.
LaTeX Font Info:    ... okay on input line 60.
LaTeX Font Info:    Checking defaults for OMX/cmex/m/n on input line 60.
LaTeX Font Info:    ... okay on input line 60.
LaTeX Font Info:    Checking defaults for U/cmr/m/n on input line 60.
LaTeX Font Info:    ... okay on input line 60.
LaTeX Font Info:    Checking defaults for OT4/cmr/m/n on input line 60.
LaTeX Font Info:    ... okay on input line 60.
LaTeX Font Info:    Checking defaults for PD1/pdf/m/n on input line 60.
LaTeX Font Info:    ... okay on input line 60.
LaTeX Font Info:    Checking defaults for TS1/cmr/m/n on input line 60.
LaTeX Font Info:    Try loading font information for TS1+cmr on input line 60.
 (/usr/share/texlive/texmf-dist/tex/latex/base/ts1cmr.fd
File: ts1cmr.fd 1999/05/25 v2.5h Standard LaTeX font definitions
)
LaTeX Font Info:    ... okay on input line 60.

(/usr/share/texlive/texmf-dist/tex/context/base/supp-pdf.mkii
[Loading MPS to PDF converter (version 2006.09.02).]
\scratchcounter=\count103
\scratchdimen=\dimen121
\scratchbox=\box26
\nofMPsegments=\count104
\nofMParguments=\count105
\everyMPshowfont=\toks18
\MPscratchCnt=\count106
\MPscratchDim=\dimen122
\MPnumerator=\count107
\makeMPintoPDFobject=\count108
\everyMPtoPDFconversion=\toks19
) (/usr/share/texlive/texmf-dist/tex/latex/oberdiek/epstopdf-base.sty
Package: epstopdf-base 2010/02/09 v2.5 Base part for package epstopdf

(/usr/share/texlive/texmf-dist/tex/latex/oberdiek/grfext.sty
Package: grfext 2010/08/19 v1.1 Manage graphics extensions (HO)
)
Package grfext Info: Graphics extension search list:
(grfext)             [.png,.pdf,.jpg,.mps,.jpeg,.jbig2,.jb2,.PNG,.PDF,.JPG,.JPE
G,.JBIG2,.JB2,.eps]
(grfext)             \AppendGraphicsExtensions on input line 452.

(/usr/share/texlive/texmf-dist/tex/latex/latexconfig/epstopdf-sys.cfg
File: epstopdf-sys.cfg 2010/07/13 v1.3 Configuration of (r)epstopdf for TeX Liv
e
))
Package caption Info: Begin \AtBeginDocument code.
Package caption Info: hyperref package is loaded.
Package caption Info: End \AtBeginDocument code.
\AtBeginShipoutBox=\box27
Package hyperref Info: Link coloring OFF on input line 60.

(/usr/share/texlive/texmf-dist/tex/latex/hyperref/nameref.sty
Package: nameref 2012/10/27 v2.43 Cross-referencing by name of section

(/usr/share/texlive/texmf-dist/tex/generic/oberdiek/gettitlestring.sty
Package: gettitlestring 2010/12/03 v1.4 Cleanup title references (HO)
)
\c@section@level=\count109
)
LaTeX Info: Redefining \ref on input line 60.
LaTeX Info: Redefining \pageref on input line 60.
LaTeX Info: Redefining \nameref on input line 60.
\@outlinefile=\write3
\openout3 = `iceland-diary.out'.


(./intro.tex) (./07_22.tex [1{/var/lib/texmf/fonts/map/pdftex/updmap/pdftex.map
}

] [2

] <./photos/x-s-2014-07-22_14-53-31__2.jpg, id=17, 650.43pt x 433.62pt>
File: ./photos/x-s-2014-07-22_14-53-31__2.jpg Graphic file (type jpg)

<use ./photos/x-s-2014-07-22_14-53-31__2.jpg>
Package pdftex.def Info: ./photos/x-s-2014-07-22_14-53-31__2.jpg used on input 
line 15.
(pdftex.def)             Requested size: 350.99762pt x 234.00575pt.


LaTeX Warning: `h' float specifier changed to `ht'.

[3]
Underfull \vbox (badness 4279) has occurred while \output is active []

 [4 <./photos/x-s-2014-07-22_14-53-31__2.jpg>]
<./photos/x-s-2014-07-22_18-05-39__5.jpg, id=34, 260.172pt x 195.129pt>
File: ./photos/x-s-2014-07-22_18-05-39__5.jpg Graphic file (type jpg)

<use ./photos/x-s-2014-07-22_18-05-39__5.jpg>
Package pdftex.def Info: ./photos/x-s-2014-07-22_18-05-39__5.jpg used on input 
line 49.
(pdftex.def)             Requested size: 350.99762pt x 263.26091pt.

<./photos/x-s-2014-07-22_18-25-14__8.jpg, id=35, 650.43pt x 433.62pt>
File: ./photos/x-s-2014-07-22_18-25-14__8.jpg Graphic file (type jpg)

<use ./photos/x-s-2014-07-22_18-25-14__8.jpg>
Package pdftex.def Info: ./photos/x-s-2014-07-22_18-25-14__8.jpg used on input 
line 51.
(pdftex.def)             Requested size: 350.99762pt x 234.00575pt.


LaTeX Warning: `h' float specifier changed to `ht'.

[5 <./photos/x-s-2014-07-22_18-05-39__5.jpg>]
Underfull \vbox (badness 10000) has occurred while \output is active []

 [6 <./photos/x-s-2014-07-22_18-25-14__8.jpg>]
<./photos/x-s-2014-07-23_11-11-19__6.jpg, id=48, 650.43pt x 365.365pt>
File: ./photos/x-s-2014-07-23_11-11-19__6.jpg Graphic file (type jpg)

<use ./photos/x-s-2014-07-23_11-11-19__6.jpg>
Package pdftex.def Info: ./photos/x-s-2014-07-23_11-11-19__6.jpg used on input 
line 67.
(pdftex.def)             Requested size: 350.99762pt x 197.17151pt.
 [7 <./photos/x-s-2014-07-23_11-11-19__6.jpg>]) (./07_23.tex [8]
Rozdzia\l  1.
<./photos/x-s-2014-07-23_15-03-31__12.jpg, id=60, 650.43pt x 433.62pt>
File: ./photos/x-s-2014-07-23_15-03-31__12.jpg Graphic file (type jpg)

<use ./photos/x-s-2014-07-23_15-03-31__12.jpg>
Package pdftex.def Info: ./photos/x-s-2014-07-23_15-03-31__12.jpg used on input
 line 9.
(pdftex.def)             Requested size: 350.99762pt x 234.00575pt.


LaTeX Warning: `h' float specifier changed to `ht'.

<./photos/x-s-2014-07-23_15-44-30__18.jpg, id=61, 650.43pt x 433.62pt>
File: ./photos/x-s-2014-07-23_15-44-30__18.jpg Graphic file (type jpg)

<use ./photos/x-s-2014-07-23_15-44-30__18.jpg>
Package pdftex.def Info: ./photos/x-s-2014-07-23_15-44-30__18.jpg used on input
 line 10.
(pdftex.def)             Requested size: 350.99762pt x 234.00575pt.


LaTeX Warning: `h' float specifier changed to `ht'.

[9

] <./photos/x-s-2014-07-23_18-26-49__25.jpg, id=67, 650.43pt x 433.62pt>
File: ./photos/x-s-2014-07-23_18-26-49__25.jpg Graphic file (type jpg)

<use ./photos/x-s-2014-07-23_18-26-49__25.jpg>
Package pdftex.def Info: ./photos/x-s-2014-07-23_18-26-49__25.jpg used on input
 line 14.
(pdftex.def)             Requested size: 350.99762pt x 234.00575pt.


LaTeX Warning: `h' float specifier changed to `ht'.

<./photos/x-s-2014-07-23_18-29-35__27.jpg, id=68, 650.43pt x 433.62pt>
File: ./photos/x-s-2014-07-23_18-29-35__27.jpg Graphic file (type jpg)

<use ./photos/x-s-2014-07-23_18-29-35__27.jpg>
Package pdftex.def Info: ./photos/x-s-2014-07-23_18-29-35__27.jpg used on input
 line 15.
(pdftex.def)             Requested size: 350.99762pt x 234.00575pt.


LaTeX Warning: `h' float specifier changed to `ht'.

<./photos/x-s-2014-07-23_22-36-27__12.jpg, id=69, 650.43pt x 365.365pt>
File: ./photos/x-s-2014-07-23_22-36-27__12.jpg Graphic file (type jpg)

<use ./photos/x-s-2014-07-23_22-36-27__12.jpg>
Package pdftex.def Info: ./photos/x-s-2014-07-23_22-36-27__12.jpg used on input
 line 21.
(pdftex.def)             Requested size: 350.99762pt x 197.17151pt.


LaTeX Warning: `h' float specifier changed to `ht'.

) (./07_24.tex [10 <./photos/x-s-2014-07-23_15-03-31__12.jpg>] [11 <./photos/x-
s-2014-07-23_15-44-30__18.jpg> <./photos/x-s-2014-07-23_18-26-49__25.jpg>]
[12 <./photos/x-s-2014-07-23_18-29-35__27.jpg> <./photos/x-s-2014-07-23_22-36-2
7__12.jpg>]
Rozdzia\l  2.
<./photos/x-s-2014-07-24_14-38-32__16.jpg, id=87, 650.43pt x 365.365pt>
File: ./photos/x-s-2014-07-24_14-38-32__16.jpg Graphic file (type jpg)

<use ./photos/x-s-2014-07-24_14-38-32__16.jpg>
Package pdftex.def Info: ./photos/x-s-2014-07-24_14-38-32__16.jpg used on input
 line 5.
(pdftex.def)             Requested size: 350.99762pt x 197.17151pt.
 [13

 <./photos/x-s-2014-07-24_14-38-32__16.jpg>]
<./photos/x-s-2014-07-24_17-17-04__18.jpg, id=95, 650.43pt x 365.365pt>
File: ./photos/x-s-2014-07-24_17-17-04__18.jpg Graphic file (type jpg)

<use ./photos/x-s-2014-07-24_17-17-04__18.jpg>
Package pdftex.def Info: ./photos/x-s-2014-07-24_17-17-04__18.jpg used on input
 line 11.
(pdftex.def)             Requested size: 350.99762pt x 197.17151pt.

<./photos/x-s-2014-07-24_19-24-40__23.jpg, id=96, 650.43pt x 365.365pt>
File: ./photos/x-s-2014-07-24_19-24-40__23.jpg Graphic file (type jpg)

<use ./photos/x-s-2014-07-24_19-24-40__23.jpg>
Package pdftex.def Info: ./photos/x-s-2014-07-24_19-24-40__23.jpg used on input
 line 12.
(pdftex.def)             Requested size: 350.99762pt x 197.17151pt.


LaTeX Warning: `h' float specifier changed to `ht'.

) (./07_25.tex [14 <./photos/x-s-2014-07-24_17-17-04__18.jpg>] [15 <./photos/x-
s-2014-07-24_19-24-40__23.jpg>] [16

]
Rozdzia\l  3.
<./photos/x-s-2014-07-25_17-15-16__25.jpg, id=111, 650.43pt x 365.365pt>
File: ./photos/x-s-2014-07-25_17-15-16__25.jpg Graphic file (type jpg)

<use ./photos/x-s-2014-07-25_17-15-16__25.jpg>
Package pdftex.def Info: ./photos/x-s-2014-07-25_17-15-16__25.jpg used on input
 line 9.
(pdftex.def)             Requested size: 350.99762pt x 197.17151pt.


LaTeX Warning: `h' float specifier changed to `ht'.

[17] [18 <./photos/x-s-2014-07-25_17-15-16__25.jpg>]
<./photos/x-s-2014-07-25_21-22-31__45.jpg, id=122, 260.172pt x 195.129pt>
File: ./photos/x-s-2014-07-25_21-22-31__45.jpg Graphic file (type jpg)

<use ./photos/x-s-2014-07-25_21-22-31__45.jpg>
Package pdftex.def Info: ./photos/x-s-2014-07-25_21-22-31__45.jpg used on input
 line 21.
(pdftex.def)             Requested size: 350.99762pt x 263.26091pt.
 [19 <./photos/x-s-2014-07-25_21-22-31__45.jpg>]
<./photos/x-s-2014-07-25_22-44-06__52.jpg, id=129, 260.172pt x 195.129pt>
File: ./photos/x-s-2014-07-25_22-44-06__52.jpg Graphic file (type jpg)

<use ./photos/x-s-2014-07-25_22-44-06__52.jpg>
Package pdftex.def Info: ./photos/x-s-2014-07-25_22-44-06__52.jpg used on input
 line 25.
(pdftex.def)             Requested size: 350.99762pt x 263.26091pt.
) (./07_26.tex [20 <./photos/x-s-2014-07-25_22-44-06__52.jpg>]
Rozdzia\l  4.
<./photos/x-s-2014-07-26_14-00-40__54.jpg, id=135, 260.172pt x 195.129pt>
File: ./photos/x-s-2014-07-26_14-00-40__54.jpg Graphic file (type jpg)

<use ./photos/x-s-2014-07-26_14-00-40__54.jpg>
Package pdftex.def Info: ./photos/x-s-2014-07-26_14-00-40__54.jpg used on input
 line 5.
(pdftex.def)             Requested size: 350.99762pt x 263.26091pt.
 [21

 <./photos/x-s-2014-07-26_14-00-40__54.jpg>]
<./photos/x-s-2014-07-26_17-50-56__60.jpg, id=142, 260.172pt x 195.129pt>
File: ./photos/x-s-2014-07-26_17-50-56__60.jpg Graphic file (type jpg)

<use ./photos/x-s-2014-07-26_17-50-56__60.jpg>
Package pdftex.def Info: ./photos/x-s-2014-07-26_17-50-56__60.jpg used on input
 line 13.
(pdftex.def)             Requested size: 350.99762pt x 263.26091pt.


LaTeX Warning: `h' float specifier changed to `ht'.

[22] <./photos/x-s-2014-07-26_23-05-25__115.jpg, id=147, 650.43pt x 433.62pt>
File: ./photos/x-s-2014-07-26_23-05-25__115.jpg Graphic file (type jpg)

<use ./photos/x-s-2014-07-26_23-05-25__115.jpg>
Package pdftex.def Info: ./photos/x-s-2014-07-26_23-05-25__115.jpg used on inpu
t line 20.
(pdftex.def)             Requested size: 350.99762pt x 234.00575pt.


LaTeX Warning: `h' float specifier changed to `ht'.

) (./07_27.tex [23 <./photos/x-s-2014-07-26_17-50-56__60.jpg>] [24 <./photos/x-
s-2014-07-26_23-05-25__115.jpg>]
Rozdzia\l  5.
[25

] [26]
<./photos/x-s-2014-07-27_18-43-10__49.jpg, id=171, 650.43pt x 365.365pt>
File: ./photos/x-s-2014-07-27_18-43-10__49.jpg Graphic file (type jpg)

<use ./photos/x-s-2014-07-27_18-43-10__49.jpg>
Package pdftex.def Info: ./photos/x-s-2014-07-27_18-43-10__49.jpg used on input
 line 33.
(pdftex.def)             Requested size: 350.99762pt x 197.17151pt.
) (./07_28.tex [27 <./photos/x-s-2014-07-27_18-43-10__49.jpg>] [28

]
Rozdzia\l  6.
<./photos/x-s-2014-07-28_15-03-53__50.jpg, id=182, 650.43pt x 365.365pt>
File: ./photos/x-s-2014-07-28_15-03-53__50.jpg Graphic file (type jpg)

<use ./photos/x-s-2014-07-28_15-03-53__50.jpg>
Package pdftex.def Info: ./photos/x-s-2014-07-28_15-03-53__50.jpg used on input
 line 7.
(pdftex.def)             Requested size: 350.99762pt x 197.17151pt.


LaTeX Warning: `h' float specifier changed to `ht'.

<./photos/x-s-2014-07-28_22-06-42__95.jpg, id=183, 260.172pt x 195.129pt>
File: ./photos/x-s-2014-07-28_22-06-42__95.jpg Graphic file (type jpg)

<use ./photos/x-s-2014-07-28_22-06-42__95.jpg>
Package pdftex.def Info: ./photos/x-s-2014-07-28_22-06-42__95.jpg used on input
 line 13.
(pdftex.def)             Requested size: 350.99762pt x 263.26091pt.


LaTeX Warning: `h' float specifier changed to `ht'.

[29]) (./07_29.tex [30 <./photos/x-s-2014-07-28_15-03-53__50.jpg>] [31 <./photo
s/x-s-2014-07-28_22-06-42__95.jpg>] [32

]
Rozdzia\l  7.
<./photos/x-s-2014-07-29_13-44-46__150.jpg, id=206, 650.43pt x 433.62pt>
File: ./photos/x-s-2014-07-29_13-44-46__150.jpg Graphic file (type jpg)

<use ./photos/x-s-2014-07-29_13-44-46__150.jpg>
Package pdftex.def Info: ./photos/x-s-2014-07-29_13-44-46__150.jpg used on inpu
t line 9.
(pdftex.def)             Requested size: 350.99762pt x 234.00575pt.


LaTeX Warning: `h' float specifier changed to `ht'.

<./photos/x-s-2014-07-29_20-02-07__176.jpg, id=207, 650.43pt x 433.62pt>
File: ./photos/x-s-2014-07-29_20-02-07__176.jpg Graphic file (type jpg)

<use ./photos/x-s-2014-07-29_20-02-07__176.jpg>
Package pdftex.def Info: ./photos/x-s-2014-07-29_20-02-07__176.jpg used on inpu
t line 13.
(pdftex.def)             Requested size: 350.99762pt x 234.00575pt.


LaTeX Warning: `h' float specifier changed to `ht'.

<./photos/x-s-2014-07-29_21-09-00__114.jpg, id=208, 650.43pt x 174.6525pt>
File: ./photos/x-s-2014-07-29_21-09-00__114.jpg Graphic file (type jpg)

<use ./photos/x-s-2014-07-29_21-09-00__114.jpg>
Package pdftex.def Info: ./photos/x-s-2014-07-29_21-09-00__114.jpg used on inpu
t line 14.
(pdftex.def)             Requested size: 350.99762pt x 94.2523pt.


LaTeX Warning: `h' float specifier changed to `ht'.

[33]) (./07_30.tex [34 <./photos/x-s-2014-07-29_13-44-46__150.jpg>] [35 <./phot
os/x-s-2014-07-29_20-02-07__176.jpg> <./photos/x-s-2014-07-29_21-09-00__114.jpg
>] [36

]
Rozdzia\l  8.
<./photos/x-s-2014-07-30_08-48-02__59.jpg, id=229, 650.43pt x 365.365pt>
File: ./photos/x-s-2014-07-30_08-48-02__59.jpg Graphic file (type jpg)

<use ./photos/x-s-2014-07-30_08-48-02__59.jpg>
Package pdftex.def Info: ./photos/x-s-2014-07-30_08-48-02__59.jpg used on input
 line 7.
(pdftex.def)             Requested size: 350.99762pt x 197.17151pt.


LaTeX Warning: `h' float specifier changed to `ht'.

<./photos/x-s-2014-07-30_16-10-44__60.jpg, id=230, 650.43pt x 365.365pt>
File: ./photos/x-s-2014-07-30_16-10-44__60.jpg Graphic file (type jpg)

<use ./photos/x-s-2014-07-30_16-10-44__60.jpg>
Package pdftex.def Info: ./photos/x-s-2014-07-30_16-10-44__60.jpg used on input
 line 13.
(pdftex.def)             Requested size: 350.99762pt x 197.17151pt.


LaTeX Warning: `h' float specifier changed to `ht'.

[37]
<./photos/x-s-2014-07-30_23-04-25__117.jpg, id=237, 260.172pt x 195.129pt>
File: ./photos/x-s-2014-07-30_23-04-25__117.jpg Graphic file (type jpg)

<use ./photos/x-s-2014-07-30_23-04-25__117.jpg>
Package pdftex.def Info: ./photos/x-s-2014-07-30_23-04-25__117.jpg used on inpu
t line 23.
(pdftex.def)             Requested size: 350.99762pt x 263.26091pt.


LaTeX Warning: `h' float specifier changed to `ht'.

) (./07_31.tex [38 <./photos/x-s-2014-07-30_08-48-02__59.jpg>] [39 <./photos/x-
s-2014-07-30_16-10-44__60.jpg> <./photos/x-s-2014-07-30_23-04-25__117.jpg>]
[40

]
Rozdzia\l  9.

Underfull \vbox (badness 1147) has occurred while \output is active []

 [41]
<./photos/x-s-2014-07-31_10-44-48__131.jpg, id=259, 260.172pt x 195.129pt>
File: ./photos/x-s-2014-07-31_10-44-48__131.jpg Graphic file (type jpg)

<use ./photos/x-s-2014-07-31_10-44-48__131.jpg>
Package pdftex.def Info: ./photos/x-s-2014-07-31_10-44-48__131.jpg used on inpu
t line 9.
(pdftex.def)             Requested size: 350.99762pt x 263.26091pt.
 [42 <./photos/x-s-2014-07-31_10-44-48__131.jpg>]
<./photos/x-s-2014-07-31_19-57-52__224.jpg, id=265, 650.43pt x 433.62pt>
File: ./photos/x-s-2014-07-31_19-57-52__224.jpg Graphic file (type jpg)

<use ./photos/x-s-2014-07-31_19-57-52__224.jpg>
Package pdftex.def Info: ./photos/x-s-2014-07-31_19-57-52__224.jpg used on inpu
t line 24.
(pdftex.def)             Requested size: 350.99762pt x 234.00575pt.

<./photos/x-s-2014-07-31_21-33-03__148.jpg, id=266, 650.43pt x 163.61125pt>
File: ./photos/x-s-2014-07-31_21-33-03__148.jpg Graphic file (type jpg)

<use ./photos/x-s-2014-07-31_21-33-03__148.jpg>
Package pdftex.def Info: ./photos/x-s-2014-07-31_21-33-03__148.jpg used on inpu
t line 26.
(pdftex.def)             Requested size: 350.99762pt x 88.29382pt.


LaTeX Warning: `h' float specifier changed to `ht'.

[43 <./photos/x-s-2014-07-31_19-57-52__224.jpg>]
<./photos/x-s-2014-07-31_22-48-21__226.jpg, id=274, 650.43pt x 433.62pt>
File: ./photos/x-s-2014-07-31_22-48-21__226.jpg Graphic file (type jpg)

<use ./photos/x-s-2014-07-31_22-48-21__226.jpg>
Package pdftex.def Info: ./photos/x-s-2014-07-31_22-48-21__226.jpg used on inpu
t line 32.
(pdftex.def)             Requested size: 350.99762pt x 234.00575pt.
) (./08_01.tex [44 <./photos/x-s-2014-07-31_21-33-03__148.jpg> <./photos/x-s-20
14-07-31_22-48-21__226.jpg>]
[45] [46

]
Rozdzia\l  10.
<./photos/x-s-2014-08-01_12-46-26__149.jpg, id=289, 260.172pt x 195.129pt>
File: ./photos/x-s-2014-08-01_12-46-26__149.jpg Graphic file (type jpg)

<use ./photos/x-s-2014-08-01_12-46-26__149.jpg>
Package pdftex.def Info: ./photos/x-s-2014-08-01_12-46-26__149.jpg used on inpu
t line 11.
(pdftex.def)             Requested size: 350.99762pt x 263.26091pt.


LaTeX Warning: `h' float specifier changed to `ht'.

<./photos/x-s-2014-08-01_14-36-57__233.jpg, id=290, 650.43pt x 433.62pt>
File: ./photos/x-s-2014-08-01_14-36-57__233.jpg Graphic file (type jpg)

<use ./photos/x-s-2014-08-01_14-36-57__233.jpg>
Package pdftex.def Info: ./photos/x-s-2014-08-01_14-36-57__233.jpg used on inpu
t line 12.
(pdftex.def)             Requested size: 350.99762pt x 234.00575pt.


LaTeX Warning: `h' float specifier changed to `ht'.

[47]
<./photos/x-s-2014-08-01_16-07-31__155.jpg, id=296, 260.172pt x 195.129pt>
File: ./photos/x-s-2014-08-01_16-07-31__155.jpg Graphic file (type jpg)

<use ./photos/x-s-2014-08-01_16-07-31__155.jpg>
Package pdftex.def Info: ./photos/x-s-2014-08-01_16-07-31__155.jpg used on inpu
t line 18.
(pdftex.def)             Requested size: 350.99762pt x 263.26091pt.


LaTeX Warning: `h' float specifier changed to `ht'.


Overfull \hbox (0.36145pt too wide) in paragraph at lines 26--27
[]\T1/cmr/m/n/12 Lu¹na im-pre-sja. Kra-jo-brazy is-landz-kie s¡ skraj-nie ró»ne
 od tego, co znamy
 []


Underfull \vbox (badness 6141) has occurred while \output is active []

 [48 <./photos/x-s-2014-08-01_12-46-26__149.jpg>]
<./photos/x-s-2014-08-01_21-44-01__65.jpg, id=303, 650.43pt x 365.365pt>
File: ./photos/x-s-2014-08-01_21-44-01__65.jpg Graphic file (type jpg)

<use ./photos/x-s-2014-08-01_21-44-01__65.jpg>
Package pdftex.def Info: ./photos/x-s-2014-08-01_21-44-01__65.jpg used on input
 line 30.
(pdftex.def)             Requested size: 350.99762pt x 197.17151pt.


LaTeX Warning: `h' float specifier changed to `ht'.

) (./08_02.tex [49 <./photos/x-s-2014-08-01_14-36-57__233.jpg>] [50 <./photos/x
-s-2014-08-01_16-07-31__155.jpg> <./photos/x-s-2014-08-01_21-44-01__65.jpg>]
Rozdzia\l  11.
[51

] <./photos/x-s-2014-08-02_12-14-29__66.jpg, id=321, 650.43pt x 365.365pt>
File: ./photos/x-s-2014-08-02_12-14-29__66.jpg Graphic file (type jpg)

<use ./photos/x-s-2014-08-02_12-14-29__66.jpg>
Package pdftex.def Info: ./photos/x-s-2014-08-02_12-14-29__66.jpg used on input
 line 15.
(pdftex.def)             Requested size: 350.99762pt x 197.17151pt.
) (./08_03.tex [52 <./photos/x-s-2014-08-02_12-14-29__66.jpg>]
Rozdzia\l  12.
<./photos/x-s-2014-08-03_16-23-04__68.jpg, id=327, 650.43pt x 365.365pt>
File: ./photos/x-s-2014-08-03_16-23-04__68.jpg Graphic file (type jpg)

<use ./photos/x-s-2014-08-03_16-23-04__68.jpg>
Package pdftex.def Info: ./photos/x-s-2014-08-03_16-23-04__68.jpg used on input
 line 13.
(pdftex.def)             Requested size: 350.99762pt x 197.17151pt.


LaTeX Warning: `h' float specifier changed to `ht'.

<./photos/x-s-2014-08-03_18-53-50__165.jpg, id=328, 260.172pt x 195.129pt>
File: ./photos/x-s-2014-08-03_18-53-50__165.jpg Graphic file (type jpg)

<use ./photos/x-s-2014-08-03_18-53-50__165.jpg>
Package pdftex.def Info: ./photos/x-s-2014-08-03_18-53-50__165.jpg used on inpu
t line 17.
(pdftex.def)             Requested size: 350.99762pt x 263.26091pt.


LaTeX Warning: `h' float specifier changed to `ht'.

<./photos/x-s-2014-08-03_21-01-14__259.jpg, id=329, 650.43pt x 433.62pt>
File: ./photos/x-s-2014-08-03_21-01-14__259.jpg Graphic file (type jpg)

<use ./photos/x-s-2014-08-03_21-01-14__259.jpg>
Package pdftex.def Info: ./photos/x-s-2014-08-03_21-01-14__259.jpg used on inpu
t line 18.
(pdftex.def)             Requested size: 350.99762pt x 234.00575pt.


LaTeX Warning: `h' float specifier changed to `ht'.


Underfull \vbox (badness 1014) has occurred while \output is active []

 [53

]
<./photos/x-s-2014-08-03_17-01-48__71.jpg, id=335, 650.43pt x 365.365pt>
File: ./photos/x-s-2014-08-03_17-01-48__71.jpg Graphic file (type jpg)

<use ./photos/x-s-2014-08-03_17-01-48__71.jpg>
Package pdftex.def Info: ./photos/x-s-2014-08-03_17-01-48__71.jpg used on input
 line 28.
(pdftex.def)             Requested size: 350.99762pt x 197.17151pt.


LaTeX Warning: `h' float specifier changed to `ht'.


Underfull \vbox (badness 1888) has occurred while \output is active []

 [54 <./photos/x-s-2014-08-03_16-23-04__68.jpg>]
<./photos/x-s-2014-08-04_00-51-09__268.jpg, id=341, 650.43pt x 433.62pt>
File: ./photos/x-s-2014-08-04_00-51-09__268.jpg Graphic file (type jpg)

<use ./photos/x-s-2014-08-04_00-51-09__268.jpg>
Package pdftex.def Info: ./photos/x-s-2014-08-04_00-51-09__268.jpg used on inpu
t line 36.
(pdftex.def)             Requested size: 350.99762pt x 234.00575pt.


LaTeX Warning: `h' float specifier changed to `ht'.

<./photos/x-s-2014-08-04_08-37-36__75.jpg, id=342, 650.43pt x 365.365pt>
File: ./photos/x-s-2014-08-04_08-37-36__75.jpg Graphic file (type jpg)

<use ./photos/x-s-2014-08-04_08-37-36__75.jpg>
Package pdftex.def Info: ./photos/x-s-2014-08-04_08-37-36__75.jpg used on input
 line 37.
(pdftex.def)             Requested size: 350.99762pt x 197.17151pt.


LaTeX Warning: `h' float specifier changed to `ht'.

) (./08_04.tex [55 <./photos/x-s-2014-08-03_18-53-50__165.jpg>] [56 <./photos/x
-s-2014-08-03_21-01-14__259.jpg> <./photos/x-s-2014-08-03_17-01-48__71.jpg>]
[57 <./photos/x-s-2014-08-04_00-51-09__268.jpg> <./photos/x-s-2014-08-04_08-37-
36__75.jpg>] [58

]
Rozdzia\l  13.
<./photos/x-s-2014-08-03_19-52-17__253.jpg, id=365, 650.43pt x 433.62pt>
File: ./photos/x-s-2014-08-03_19-52-17__253.jpg Graphic file (type jpg)

<use ./photos/x-s-2014-08-03_19-52-17__253.jpg>
Package pdftex.def Info: ./photos/x-s-2014-08-03_19-52-17__253.jpg used on inpu
t line 9.
(pdftex.def)             Requested size: 350.99762pt x 234.00575pt.


LaTeX Warning: `h' float specifier changed to `ht'.

<./photos/x-s-2014-08-04_12-53-21__269.jpg, id=366, 650.43pt x 433.62pt>
File: ./photos/x-s-2014-08-04_12-53-21__269.jpg Graphic file (type jpg)

<use ./photos/x-s-2014-08-04_12-53-21__269.jpg>
Package pdftex.def Info: ./photos/x-s-2014-08-04_12-53-21__269.jpg used on inpu
t line 10.
(pdftex.def)             Requested size: 350.99762pt x 234.00575pt.


LaTeX Warning: `h' float specifier changed to `ht'.

[59] <./photos/x-s-2014-08-04_14-45-35__271.jpg, id=372, 650.43pt x 433.62pt>
File: ./photos/x-s-2014-08-04_14-45-35__271.jpg Graphic file (type jpg)

<use ./photos/x-s-2014-08-04_14-45-35__271.jpg>
Package pdftex.def Info: ./photos/x-s-2014-08-04_14-45-35__271.jpg used on inpu
t line 14.
(pdftex.def)             Requested size: 350.99762pt x 234.00575pt.


LaTeX Warning: `h' float specifier changed to `ht'.

<./photos/x-s-2014-08-05_15-25-57__283.jpg, id=373, 650.43pt x 433.62pt>
File: ./photos/x-s-2014-08-05_15-25-57__283.jpg Graphic file (type jpg)

<use ./photos/x-s-2014-08-05_15-25-57__283.jpg>
Package pdftex.def Info: ./photos/x-s-2014-08-05_15-25-57__283.jpg used on inpu
t line 15.
(pdftex.def)             Requested size: 350.99762pt x 234.00575pt.


LaTeX Warning: `h' float specifier changed to `ht'.


Underfull \vbox (badness 2368) has occurred while \output is active []

 [60 <./photos/x-s-2014-08-03_19-52-17__253.jpg>]
Overfull \hbox (16.42015pt too wide) in paragraph at lines 23--24
[]\T1/cmr/m/n/12 [CIEKAWOSTKA] Na-zwa ^^PBa-th-sraun^^Q ma in-te-re-su-j¡c¡ ety
-mo-lo-gi¦ - sprawd¹
 []

<./photos/x-s-2014-08-04_20-35-49__186.jpg, id=379, 260.172pt x 195.129pt>
File: ./photos/x-s-2014-08-04_20-35-49__186.jpg Graphic file (type jpg)

<use ./photos/x-s-2014-08-04_20-35-49__186.jpg>
Package pdftex.def Info: ./photos/x-s-2014-08-04_20-35-49__186.jpg used on inpu
t line 25.
(pdftex.def)             Requested size: 350.99762pt x 263.26091pt.


LaTeX Warning: `h' float specifier changed to `ht'.

<./photos/x-s-IMG_20140804_203225178.jpg, id=380, 650.43pt x 366.36874pt>
File: ./photos/x-s-IMG_20140804_203225178.jpg Graphic file (type jpg)

<use ./photos/x-s-IMG_20140804_203225178.jpg>
Package pdftex.def Info: ./photos/x-s-IMG_20140804_203225178.jpg used on input 
line 26.
(pdftex.def)             Requested size: 350.99762pt x 197.71318pt.


LaTeX Warning: `h' float specifier changed to `ht'.


Underfull \vbox (badness 4279) has occurred while \output is active []

 [61 <./photos/x-s-2014-08-04_12-53-21__269.jpg>]) (./08_05.tex [62 <./photos/x
-s-2014-08-04_14-45-35__271.jpg>] [63 <./photos/x-s-2014-08-05_15-25-57__283.jp
g> <./photos/x-s-2014-08-04_20-35-49__186.jpg>] [64 <./photos/x-s-IMG_20140804_
203225178.jpg>]
Rozdzia\l  14.

Underfull \vbox (badness 1838) has occurred while \output is active []

 [65

]
<./photos/x-s-2014-08-05_20-57-16__190.jpg, id=408, 260.172pt x 195.129pt>
File: ./photos/x-s-2014-08-05_20-57-16__190.jpg Graphic file (type jpg)

<use ./photos/x-s-2014-08-05_20-57-16__190.jpg>
Package pdftex.def Info: ./photos/x-s-2014-08-05_20-57-16__190.jpg used on inpu
t line 15.
(pdftex.def)             Requested size: 350.99762pt x 263.26091pt.

<./photos/x-s-2014-08-05_20-57-32__192.jpg, id=409, 260.172pt x 195.129pt>
File: ./photos/x-s-2014-08-05_20-57-32__192.jpg Graphic file (type jpg)

<use ./photos/x-s-2014-08-05_20-57-32__192.jpg>
Package pdftex.def Info: ./photos/x-s-2014-08-05_20-57-32__192.jpg used on inpu
t line 16.
(pdftex.def)             Requested size: 350.99762pt x 263.26091pt.


LaTeX Warning: `h' float specifier changed to `ht'.


Overfull \hbox (5.58244pt too wide) in paragraph at lines 20--21
[]\T1/cmr/m/n/12 Po obie-dzie - caª-kiem przy-pad-kiem - za-ªa-pa-li-±my si¦ na
 au-to-bus do Mývatn.
 []

[66 <./photos/x-s-2014-08-05_20-57-16__190.jpg>]
Underfull \vbox (badness 5245) has occurred while \output is active []

 [67 <./photos/x-s-2014-08-05_20-57-32__192.jpg>]
<./photos/x-s-2014-08-05_20-01-34__79.jpg, id=421, 650.43pt x 365.365pt>
File: ./photos/x-s-2014-08-05_20-01-34__79.jpg Graphic file (type jpg)

<use ./photos/x-s-2014-08-05_20-01-34__79.jpg>
Package pdftex.def Info: ./photos/x-s-2014-08-05_20-01-34__79.jpg used on input
 line 26.
(pdftex.def)             Requested size: 350.99762pt x 197.17151pt.

<./photos/x-s-2014-08-06_10-44-32__81.jpg, id=422, 650.43pt x 365.365pt>
File: ./photos/x-s-2014-08-06_10-44-32__81.jpg Graphic file (type jpg)

<use ./photos/x-s-2014-08-06_10-44-32__81.jpg>
Package pdftex.def Info: ./photos/x-s-2014-08-06_10-44-32__81.jpg used on input
 line 27.
(pdftex.def)             Requested size: 350.99762pt x 197.17151pt.


LaTeX Warning: `h' float specifier changed to `ht'.

) (./08_06.tex [68 <./photos/x-s-2014-08-05_20-01-34__79.jpg>] [69 <./photos/x-
s-2014-08-06_10-44-32__81.jpg>] [70

]
Rozdzia\l  15.
[71]
<./photos/x-s-2014-08-06_21-22-05__198.jpg, id=442, 260.172pt x 195.129pt>
File: ./photos/x-s-2014-08-06_21-22-05__198.jpg Graphic file (type jpg)

<use ./photos/x-s-2014-08-06_21-22-05__198.jpg>
Package pdftex.def Info: ./photos/x-s-2014-08-06_21-22-05__198.jpg used on inpu
t line 15.
(pdftex.def)             Requested size: 350.99762pt x 263.26091pt.

Underfull \vbox (badness 1527) has occurred while \output is active []

 [72 <./photos/x-s-2014-08-06_21-22-05__198.jpg>]
<./photos/x-s-2014-08-06_23-46-58__308.jpg, id=449, 650.43pt x 433.62pt>
File: ./photos/x-s-2014-08-06_23-46-58__308.jpg Graphic file (type jpg)

<use ./photos/x-s-2014-08-06_23-46-58__308.jpg>
Package pdftex.def Info: ./photos/x-s-2014-08-06_23-46-58__308.jpg used on inpu
t line 23.
(pdftex.def)             Requested size: 350.99762pt x 234.00575pt.
 [73 <./photos/x-s-2014-08-06_23-46-58__308.jpg>]) (./08_07.tex [74]
Rozdzia\l  16.
<./photos/x-s-2014-08-07_10-26-01__82.jpg, id=460, 650.43pt x 365.365pt>
File: ./photos/x-s-2014-08-07_10-26-01__82.jpg Graphic file (type jpg)

<use ./photos/x-s-2014-08-07_10-26-01__82.jpg>
Package pdftex.def Info: ./photos/x-s-2014-08-07_10-26-01__82.jpg used on input
 line 7.
(pdftex.def)             Requested size: 350.99762pt x 197.17151pt.

<./photos/x-s-2014-08-07_15-19-08__209.jpg, id=461, 260.172pt x 195.129pt>
File: ./photos/x-s-2014-08-07_15-19-08__209.jpg Graphic file (type jpg)

<use ./photos/x-s-2014-08-07_15-19-08__209.jpg>
Package pdftex.def Info: ./photos/x-s-2014-08-07_15-19-08__209.jpg used on inpu
t line 8.
(pdftex.def)             Requested size: 350.99762pt x 263.26091pt.


LaTeX Warning: `h' float specifier changed to `ht'.

[75

 <./photos/x-s-2014-08-07_10-26-01__82.jpg>]
<./photos/x-s-2014-08-07_19-54-58__84.jpg, id=468, 650.43pt x 1158.3275pt>
File: ./photos/x-s-2014-08-07_19-54-58__84.jpg Graphic file (type jpg)

<use ./photos/x-s-2014-08-07_19-54-58__84.jpg>
Package pdftex.def Info: ./photos/x-s-2014-08-07_19-54-58__84.jpg used on input
 line 24.
(pdftex.def)             Requested size: 350.99762pt x 625.0987pt.


LaTeX Warning: Float too large for page by 57.59868pt on input line 24.


LaTeX Warning: `h' float specifier changed to `ht'.

[76 <./photos/x-s-2014-08-07_15-19-08__209.jpg>]) (./08_08.tex [77] [78 <./phot
os/x-s-2014-08-07_19-54-58__84.jpg>]
Rozdzia\l  17.
[79

] <./photos/x-s-2014-08-08_15-56-24__85.jpg, id=490, 650.43pt x 365.365pt>
File: ./photos/x-s-2014-08-08_15-56-24__85.jpg Graphic file (type jpg)

<use ./photos/x-s-2014-08-08_15-56-24__85.jpg>
Package pdftex.def Info: ./photos/x-s-2014-08-08_15-56-24__85.jpg used on input
 line 13.
(pdftex.def)             Requested size: 350.99762pt x 197.17151pt.
 [80 <./photos/x-s-2014-08-08_15-56-24__85.jpg>]
Overfull \hbox (3.46358pt too wide) in paragraph at lines 19--20
\T1/cmr/m/n/12 kiem - ±wietna od-miana od kon-serw mi¦-snych / tun-fi-sków z ma
-ka-ro-nem/ry»em
 []

<./photos/x-s-2014-08-08_22-33-14__86.jpg, id=496, 650.43pt x 365.365pt>
File: ./photos/x-s-2014-08-08_22-33-14__86.jpg Graphic file (type jpg)

<use ./photos/x-s-2014-08-08_22-33-14__86.jpg>
Package pdftex.def Info: ./photos/x-s-2014-08-08_22-33-14__86.jpg used on input
 line 25.
(pdftex.def)             Requested size: 350.99762pt x 197.17151pt.


LaTeX Warning: `h' float specifier changed to `ht'.

) (./08_09.tex [81] [82 <./photos/x-s-2014-08-08_22-33-14__86.jpg>]
Rozdzia\l  18.
<./photos/x-s-2014-08-09_12-33-43__88.jpg, id=506, 650.43pt x 365.365pt>
File: ./photos/x-s-2014-08-09_12-33-43__88.jpg Graphic file (type jpg)

<use ./photos/x-s-2014-08-09_12-33-43__88.jpg>
Package pdftex.def Info: ./photos/x-s-2014-08-09_12-33-43__88.jpg used on input
 line 9.
(pdftex.def)             Requested size: 350.99762pt x 197.17151pt.


LaTeX Warning: `h' float specifier changed to `ht'.


Overfull \hbox (4.11612pt too wide) in paragraph at lines 13--14
[]\T1/cmr/m/n/12 Ostatnie miej-sce, które zwie-dzamy, to pseudo-kratery w Skútu
-sta-ðir. Moim
 []

[83

]
<./photos/x-s-2014-08-09_16-03-32__215.jpg, id=512, 260.172pt x 195.129pt>
File: ./photos/x-s-2014-08-09_16-03-32__215.jpg Graphic file (type jpg)

<use ./photos/x-s-2014-08-09_16-03-32__215.jpg>
Package pdftex.def Info: ./photos/x-s-2014-08-09_16-03-32__215.jpg used on inpu
t line 15.
(pdftex.def)             Requested size: 350.99762pt x 263.26091pt.


LaTeX Warning: `h' float specifier changed to `ht'.

<./photos/x-s-2014-08-09_16-10-39__318.jpg, id=513, 650.43pt x 433.62pt>
File: ./photos/x-s-2014-08-09_16-10-39__318.jpg Graphic file (type jpg)

<use ./photos/x-s-2014-08-09_16-10-39__318.jpg>
Package pdftex.def Info: ./photos/x-s-2014-08-09_16-10-39__318.jpg used on inpu
t line 16.
(pdftex.def)             Requested size: 350.99762pt x 234.00575pt.


LaTeX Warning: `h' float specifier changed to `ht'.

[84 <./photos/x-s-2014-08-09_12-33-43__88.jpg>]
<./photos/x-s-2014-08-09_19-12-20__89.jpg, id=519, 650.43pt x 365.365pt>
File: ./photos/x-s-2014-08-09_19-12-20__89.jpg Graphic file (type jpg)

<use ./photos/x-s-2014-08-09_19-12-20__89.jpg>
Package pdftex.def Info: ./photos/x-s-2014-08-09_19-12-20__89.jpg used on input
 line 26.
(pdftex.def)             Requested size: 350.99762pt x 197.17151pt.


LaTeX Warning: `h' float specifier changed to `ht'.

<./photos/x-s-2014-08-10_00-02-44__327.jpg, id=520, 650.43pt x 433.62pt>
File: ./photos/x-s-2014-08-10_00-02-44__327.jpg Graphic file (type jpg)

<use ./photos/x-s-2014-08-10_00-02-44__327.jpg>
Package pdftex.def Info: ./photos/x-s-2014-08-10_00-02-44__327.jpg used on inpu
t line 27.
(pdftex.def)             Requested size: 350.99762pt x 234.00575pt.


LaTeX Warning: `h' float specifier changed to `ht'.

) (./08_10.tex
Underfull \vbox (badness 1199) has occurred while \output is active []

 [85 <./photos/x-s-2014-08-09_16-03-32__215.jpg>] [86 <./photos/x-s-2014-08-09_
16-10-39__318.jpg>] [87 <./photos/x-s-2014-08-09_19-12-20__89.jpg> <./photos/x-
s-2014-08-10_00-02-44__327.jpg>] [88

]
Rozdzia\l  19.
<./photos/x-s-2014-08-10_13-54-57__90.jpg, id=542, 650.43pt x 1158.3275pt>
File: ./photos/x-s-2014-08-10_13-54-57__90.jpg Graphic file (type jpg)

<use ./photos/x-s-2014-08-10_13-54-57__90.jpg>
Package pdftex.def Info: ./photos/x-s-2014-08-10_13-54-57__90.jpg used on input
 line 11.
(pdftex.def)             Requested size: 350.99762pt x 625.0987pt.


LaTeX Warning: Float too large for page by 57.59868pt on input line 11.


LaTeX Warning: `h' float specifier changed to `ht'.

[89]) (./08_11.tex [90] [91 <./photos/x-s-2014-08-10_13-54-57__90.jpg>]
[92

]
Rozdzia\l  20.
<./photos/x-s-2014-08-11_15-13-41__330.jpg, id=562, 650.43pt x 433.62pt>
File: ./photos/x-s-2014-08-11_15-13-41__330.jpg Graphic file (type jpg)

<use ./photos/x-s-2014-08-11_15-13-41__330.jpg>
Package pdftex.def Info: ./photos/x-s-2014-08-11_15-13-41__330.jpg used on inpu
t line 9.
(pdftex.def)             Requested size: 350.99762pt x 234.00575pt.


LaTeX Warning: `h' float specifier changed to `ht'.

<./photos/x-s-2014-08-11_17-49-02__336.jpg, id=563, 650.43pt x 433.62pt>
File: ./photos/x-s-2014-08-11_17-49-02__336.jpg Graphic file (type jpg)

<use ./photos/x-s-2014-08-11_17-49-02__336.jpg>
Package pdftex.def Info: ./photos/x-s-2014-08-11_17-49-02__336.jpg used on inpu
t line 10.
(pdftex.def)             Requested size: 350.99762pt x 234.00575pt.


LaTeX Warning: `h' float specifier changed to `ht'.

[93]
<./photos/x-s-2014-08-11_21-47-43__230.jpg, id=569, 260.172pt x 195.129pt>
File: ./photos/x-s-2014-08-11_21-47-43__230.jpg Graphic file (type jpg)

<use ./photos/x-s-2014-08-11_21-47-43__230.jpg>
Package pdftex.def Info: ./photos/x-s-2014-08-11_21-47-43__230.jpg used on inpu
t line 20.
(pdftex.def)             Requested size: 350.99762pt x 263.26091pt.


LaTeX Warning: `h' float specifier changed to `ht'.

[94 <./photos/x-s-2014-08-11_15-13-41__330.jpg>]
<./photos/x-s-2014-08-11_23-25-53__350.jpg, id=575, 650.43pt x 433.62pt>
File: ./photos/x-s-2014-08-11_23-25-53__350.jpg Graphic file (type jpg)

<use ./photos/x-s-2014-08-11_23-25-53__350.jpg>
Package pdftex.def Info: ./photos/x-s-2014-08-11_23-25-53__350.jpg used on inpu
t line 30.
(pdftex.def)             Requested size: 350.99762pt x 234.00575pt.


LaTeX Warning: `h' float specifier changed to `ht'.

<./photos/x-s-2014-08-12_00-52-07__354.jpg, id=576, 650.43pt x 433.62pt>
File: ./photos/x-s-2014-08-12_00-52-07__354.jpg Graphic file (type jpg)

<use ./photos/x-s-2014-08-12_00-52-07__354.jpg>
Package pdftex.def Info: ./photos/x-s-2014-08-12_00-52-07__354.jpg used on inpu
t line 31.
(pdftex.def)             Requested size: 350.99762pt x 234.00575pt.


LaTeX Warning: `h' float specifier changed to `ht'.

) (./08_12.tex [95 <./photos/x-s-2014-08-11_17-49-02__336.jpg>] [96 <./photos/x
-s-2014-08-11_21-47-43__230.jpg> <./photos/x-s-2014-08-11_23-25-53__350.jpg>]
[97 <./photos/x-s-2014-08-12_00-52-07__354.jpg>] [98

]
Rozdzia\l  21.
<./photos/x-s-2014-08-13_12-13-18__234.jpg, id=599, 260.172pt x 195.129pt>
File: ./photos/x-s-2014-08-13_12-13-18__234.jpg Graphic file (type jpg)

<use ./photos/x-s-2014-08-13_12-13-18__234.jpg>
Package pdftex.def Info: ./photos/x-s-2014-08-13_12-13-18__234.jpg used on inpu
t line 11.
(pdftex.def)             Requested size: 350.99762pt x 263.26091pt.
 [99]
<./photos/x-s-2014-08-13_12-42-05__235.jpg, id=605, 260.172pt x 195.129pt>
File: ./photos/x-s-2014-08-13_12-42-05__235.jpg Graphic file (type jpg)

<use ./photos/x-s-2014-08-13_12-42-05__235.jpg>
Package pdftex.def Info: ./photos/x-s-2014-08-13_12-42-05__235.jpg used on inpu
t line 12.
(pdftex.def)             Requested size: 350.99762pt x 263.26091pt.


LaTeX Warning: `h' float specifier changed to `ht'.

[100 <./photos/x-s-2014-08-13_12-13-18__234.jpg>]) (./08_13.tex [101 <./photos/
x-s-2014-08-13_12-42-05__235.jpg>] [102

]
Rozdzia\l  22.
<./photos/x-s-2014-08-12_15-55-28__361.jpg, id=620, 650.43pt x 433.62pt>
File: ./photos/x-s-2014-08-12_15-55-28__361.jpg Graphic file (type jpg)

<use ./photos/x-s-2014-08-12_15-55-28__361.jpg>
Package pdftex.def Info: ./photos/x-s-2014-08-12_15-55-28__361.jpg used on inpu
t line 11.
(pdftex.def)             Requested size: 350.99762pt x 234.00575pt.


LaTeX Warning: `h' float specifier changed to `ht'.

[103]
<./photos/x-s-2014-08-13_16-26-43__241.jpg, id=627, 260.172pt x 195.129pt>
File: ./photos/x-s-2014-08-13_16-26-43__241.jpg Graphic file (type jpg)

<use ./photos/x-s-2014-08-13_16-26-43__241.jpg>
Package pdftex.def Info: ./photos/x-s-2014-08-13_16-26-43__241.jpg used on inpu
t line 21.
(pdftex.def)             Requested size: 350.99762pt x 263.26091pt.


LaTeX Warning: `h' float specifier changed to `ht'.


Underfull \vbox (badness 1210) has occurred while \output is active []

 [104 <./photos/x-s-2014-08-12_15-55-28__361.jpg>]
<./photos/x-s-2014-08-13_21-18-39__253.jpg, id=633, 260.172pt x 195.129pt>
File: ./photos/x-s-2014-08-13_21-18-39__253.jpg Graphic file (type jpg)

<use ./photos/x-s-2014-08-13_21-18-39__253.jpg>
Package pdftex.def Info: ./photos/x-s-2014-08-13_21-18-39__253.jpg used on inpu
t line 27.
(pdftex.def)             Requested size: 350.99762pt x 263.26091pt.


LaTeX Warning: `h' float specifier changed to `ht'.

<./photos/x-s-2014-08-13_20-47-40__249.jpg, id=634, 260.172pt x 195.129pt>
File: ./photos/x-s-2014-08-13_20-47-40__249.jpg Graphic file (type jpg)

<use ./photos/x-s-2014-08-13_20-47-40__249.jpg>
Package pdftex.def Info: ./photos/x-s-2014-08-13_20-47-40__249.jpg used on inpu
t line 28.
(pdftex.def)             Requested size: 350.99762pt x 263.26091pt.


LaTeX Warning: `h' float specifier changed to `ht'.


Underfull \vbox (badness 5245) has occurred while \output is active []

 [105 <./photos/x-s-2014-08-13_16-26-43__241.jpg>]
<./photos/x-s-2014-08-13_22-13-19__396.jpg, id=640, 650.43pt x 433.62pt>
File: ./photos/x-s-2014-08-13_22-13-19__396.jpg Graphic file (type jpg)

<use ./photos/x-s-2014-08-13_22-13-19__396.jpg>
Package pdftex.def Info: ./photos/x-s-2014-08-13_22-13-19__396.jpg used on inpu
t line 34.
(pdftex.def)             Requested size: 350.99762pt x 234.00575pt.


LaTeX Warning: `h' float specifier changed to `ht'.

<./photos/x-s-2014-08-13_19-49-15__97.jpg, id=641, 650.43pt x 365.365pt>
File: ./photos/x-s-2014-08-13_19-49-15__97.jpg Graphic file (type jpg)

<use ./photos/x-s-2014-08-13_19-49-15__97.jpg>
Package pdftex.def Info: ./photos/x-s-2014-08-13_19-49-15__97.jpg used on input
 line 35.
(pdftex.def)             Requested size: 350.99762pt x 197.17151pt.


LaTeX Warning: `h' float specifier changed to `ht'.

[106 <./photos/x-s-2014-08-13_21-18-39__253.jpg>]) (./08_14.tex [107 <./photos/
x-s-2014-08-13_20-47-40__249.jpg>] [108 <./photos/x-s-2014-08-13_22-13-19__396.
jpg> <./photos/x-s-2014-08-13_19-49-15__97.jpg>]
Rozdzia\l  23.
<./photos/x-s-2014-08-14_15-06-56__260.jpg, id=658, 260.172pt x 195.129pt>
File: ./photos/x-s-2014-08-14_15-06-56__260.jpg Graphic file (type jpg)

<use ./photos/x-s-2014-08-14_15-06-56__260.jpg>
Package pdftex.def Info: ./photos/x-s-2014-08-14_15-06-56__260.jpg used on inpu
t line 5.
(pdftex.def)             Requested size: 350.99762pt x 263.26091pt.


LaTeX Warning: `h' float specifier changed to `ht'.

<./photos/x-s-2014-08-14_15-08-38__407.jpg, id=659, 650.43pt x 433.62pt>
File: ./photos/x-s-2014-08-14_15-08-38__407.jpg Graphic file (type jpg)

<use ./photos/x-s-2014-08-14_15-08-38__407.jpg>
Package pdftex.def Info: ./photos/x-s-2014-08-14_15-08-38__407.jpg used on inpu
t line 6.
(pdftex.def)             Requested size: 350.99762pt x 234.00575pt.


LaTeX Warning: `h' float specifier changed to `ht'.

[109

] <./photos/x-s-2014-08-14_16-12-19__98.jpg, id=666, 650.43pt x 365.365pt>
File: ./photos/x-s-2014-08-14_16-12-19__98.jpg Graphic file (type jpg)

<use ./photos/x-s-2014-08-14_16-12-19__98.jpg>
Package pdftex.def Info: ./photos/x-s-2014-08-14_16-12-19__98.jpg used on input
 line 16.
(pdftex.def)             Requested size: 350.99762pt x 197.17151pt.


LaTeX Warning: `h' float specifier changed to `ht'.

<./photos/x-s-2014-08-14_18-12-22__100.jpg, id=667, 650.43pt x 365.365pt>
File: ./photos/x-s-2014-08-14_18-12-22__100.jpg Graphic file (type jpg)

<use ./photos/x-s-2014-08-14_18-12-22__100.jpg>
Package pdftex.def Info: ./photos/x-s-2014-08-14_18-12-22__100.jpg used on inpu
t line 17.
(pdftex.def)             Requested size: 350.99762pt x 197.17151pt.


LaTeX Warning: `h' float specifier changed to `ht'.

<./photos/x-s-2014-08-14_19-28-50__101.jpg, id=668, 650.43pt x 365.365pt>
File: ./photos/x-s-2014-08-14_19-28-50__101.jpg Graphic file (type jpg)

<use ./photos/x-s-2014-08-14_19-28-50__101.jpg>
Package pdftex.def Info: ./photos/x-s-2014-08-14_19-28-50__101.jpg used on inpu
t line 18.
(pdftex.def)             Requested size: 350.99762pt x 197.17151pt.


LaTeX Warning: `h' float specifier changed to `ht'.

) (./08_15.tex [110 <./photos/x-s-2014-08-14_15-06-56__260.jpg>] [111 <./photos
/x-s-2014-08-14_15-08-38__407.jpg> <./photos/x-s-2014-08-14_16-12-19__98.jpg>]
[112 <./photos/x-s-2014-08-14_18-12-22__100.jpg> <./photos/x-s-2014-08-14_19-28
-50__101.jpg>]
Rozdzia\l  24.
[113

]
<./photos/x-s-2014-08-15_16-24-58__105.jpg, id=691, 650.43pt x 365.365pt>
File: ./photos/x-s-2014-08-15_16-24-58__105.jpg Graphic file (type jpg)

<use ./photos/x-s-2014-08-15_16-24-58__105.jpg>
Package pdftex.def Info: ./photos/x-s-2014-08-15_16-24-58__105.jpg used on inpu
t line 15.
(pdftex.def)             Requested size: 350.99762pt x 197.17151pt.

<./photos/x-s-2014-08-14_22-19-41__266.jpg, id=692, 260.172pt x 195.129pt>
File: ./photos/x-s-2014-08-14_22-19-41__266.jpg Graphic file (type jpg)

<use ./photos/x-s-2014-08-14_22-19-41__266.jpg>
Package pdftex.def Info: ./photos/x-s-2014-08-14_22-19-41__266.jpg used on inpu
t line 21.
(pdftex.def)             Requested size: 350.99762pt x 263.26091pt.


LaTeX Warning: `h' float specifier changed to `ht'.

[114 <./photos/x-s-2014-08-15_16-24-58__105.jpg>]) (./08_16.tex [115 <./photos/
x-s-2014-08-14_22-19-41__266.jpg>] [116

]
Rozdzia\l  25.
<./photos/x-s-2014-08-16_17-32-37__106.jpg, id=708, 650.43pt x 365.365pt>
File: ./photos/x-s-2014-08-16_17-32-37__106.jpg Graphic file (type jpg)

<use ./photos/x-s-2014-08-16_17-32-37__106.jpg>
Package pdftex.def Info: ./photos/x-s-2014-08-16_17-32-37__106.jpg used on inpu
t line 11.
(pdftex.def)             Requested size: 350.99762pt x 197.17151pt.


LaTeX Warning: `h' float specifier changed to `ht'.

[117]
<./photos/x-s-2014-08-16_21-21-32__108.jpg, id=714, 650.43pt x 365.365pt>
File: ./photos/x-s-2014-08-16_21-21-32__108.jpg Graphic file (type jpg)

<use ./photos/x-s-2014-08-16_21-21-32__108.jpg>
Package pdftex.def Info: ./photos/x-s-2014-08-16_21-21-32__108.jpg used on inpu
t line 19.
(pdftex.def)             Requested size: 350.99762pt x 197.17151pt.


LaTeX Warning: `h' float specifier changed to `ht'.

<./photos/x-s-2014-08-17_00-03-06__420.jpg, id=715, 650.43pt x 433.62pt>
File: ./photos/x-s-2014-08-17_00-03-06__420.jpg Graphic file (type jpg)

<use ./photos/x-s-2014-08-17_00-03-06__420.jpg>
Package pdftex.def Info: ./photos/x-s-2014-08-17_00-03-06__420.jpg used on inpu
t line 20.
(pdftex.def)             Requested size: 350.99762pt x 234.00575pt.


LaTeX Warning: `h' float specifier changed to `ht'.

) (./08_17.tex [118 <./photos/x-s-2014-08-16_17-32-37__106.jpg>] [119 <./photos
/x-s-2014-08-16_21-21-32__108.jpg> <./photos/x-s-2014-08-17_00-03-06__420.jpg>]
[120

]
Rozdzia\l  26.
<./photos/x-s-2014-08-17_16-12-32__421.jpg, id=731, 650.43pt x 433.62pt>
File: ./photos/x-s-2014-08-17_16-12-32__421.jpg Graphic file (type jpg)

<use ./photos/x-s-2014-08-17_16-12-32__421.jpg>
Package pdftex.def Info: ./photos/x-s-2014-08-17_16-12-32__421.jpg used on inpu
t line 7.
(pdftex.def)             Requested size: 350.99762pt x 234.00575pt.


LaTeX Warning: `h' float specifier changed to `ht'.

[121]
Underfull \vbox (badness 5607) has occurred while \output is active []

 [122 <./photos/x-s-2014-08-17_16-12-32__421.jpg>]
<./photos/x-s-2014-08-17_23-52-35__112.jpg, id=743, 650.43pt x 365.365pt>
File: ./photos/x-s-2014-08-17_23-52-35__112.jpg Graphic file (type jpg)

<use ./photos/x-s-2014-08-17_23-52-35__112.jpg>
Package pdftex.def Info: ./photos/x-s-2014-08-17_23-52-35__112.jpg used on inpu
t line 19.
(pdftex.def)             Requested size: 350.99762pt x 197.17151pt.
) (./08_18.tex [123 <./photos/x-s-2014-08-17_23-52-35__112.jpg>] [124

]
Rozdzia\l  27.
<./photos/x-s-2014-08-18_10-14-20__114.jpg, id=754, 650.43pt x 365.365pt>
File: ./photos/x-s-2014-08-18_10-14-20__114.jpg Graphic file (type jpg)

<use ./photos/x-s-2014-08-18_10-14-20__114.jpg>
Package pdftex.def Info: ./photos/x-s-2014-08-18_10-14-20__114.jpg used on inpu
t line 9.
(pdftex.def)             Requested size: 350.99762pt x 197.17151pt.


LaTeX Warning: `h' float specifier changed to `ht'.

<./photos/x-s-2014-08-19_06-18-13__116.jpg, id=755, 650.43pt x 365.365pt>
File: ./photos/x-s-2014-08-19_06-18-13__116.jpg Graphic file (type jpg)

<use ./photos/x-s-2014-08-19_06-18-13__116.jpg>
Package pdftex.def Info: ./photos/x-s-2014-08-19_06-18-13__116.jpg used on inpu
t line 10.
(pdftex.def)             Requested size: 350.99762pt x 197.17151pt.


LaTeX Warning: `h' float specifier changed to `ht'.

[125])
Package atveryend Info: Empty hook `BeforeClearDocument' on input line 94.
 [126 <./photos/x-s-2014-08-18_10-14-20__114.jpg>] [127 <./photos/x-s-2014-08-1
9_06-18-13__116.jpg>]
Package atveryend Info: Empty hook `AfterLastShipout' on input line 94.
 (./iceland-diary.aux)
Package atveryend Info: Executing hook `AtVeryEndDocument' on input line 94.
Package atveryend Info: Executing hook `AtEndAfterFileList' on input line 94.


Package rerunfilecheck Warning: File `iceland-diary.out' has changed.
(rerunfilecheck)                Rerun to get outlines right
(rerunfilecheck)                or use package `bookmark'.

Package rerunfilecheck Info: Checksums for `iceland-diary.out':
(rerunfilecheck)             Before: <no file>
(rerunfilecheck)             After:  9F9ABF4A08304BCCA52844EF92260C49;1862.

LaTeX Warning: Label(s) may have changed. Rerun to get cross-references right.

Package atveryend Info: Empty hook `AtVeryVeryEnd' on input line 94.
 ) 
Here is how much of TeX's memory you used:
 8623 strings out of 494993
 139151 string characters out of 6180621
 199897 words of memory out of 5000000
 11320 multiletter control sequences out of 15000+600000
 9446 words of font info for 23 fonts, out of 8000000 for 9000
 34 hyphenation exceptions out of 8191
 36i,8n,40p,1919b,358s stack positions out of 5000i,500n,10000p,200000b,80000s
 </home/pawel/.texmf-var/fonts/pk/ljfour/jknappen/ec/tcrm1200.600pk> </home/p
awel/.texmf-var/fonts/pk/ljfour/jknappen/ec/ecsl1200.600pk> </home/pawel/.texmf
-var/fonts/pk/ljfour/jknappen/ec/ecbx1728.600pk> </home/pawel/.texmf-var/fonts/
pk/ljfour/jknappen/ec/ecbx2488.600pk> </home/pawel/.texmf-var/fonts/pk/ljfour/j
knappen/ec/ecrm1200.600pk>
Output written on iceland-diary.pdf (127 pages, 12828025 bytes).
PDF statistics:
 1091 PDF objects out of 1200 (max. 8388607)
 622 compressed objects within 7 object streams
 258 named destinations out of 1000 (max. 500000)
 461 words of extra memory for PDF output out of 10000 (max. 10000000)

